0 info it worked if it ends with ok
1 verbose cli [ '/usr/bin/nodejs', '/usr/bin/npm', 'install', 'bcrypt' ]
2 info using npm@4.1.2
3 info using node@v7.7.2
4 silly loadCurrentTree Starting
5 silly install loadCurrentTree
6 silly install readLocalPackageData
7 silly fetchPackageMetaData bcrypt
8 silly fetchNamedPackageData bcrypt
9 silly mapToRegistry name bcrypt
10 silly mapToRegistry using default registry
11 silly mapToRegistry registry https://registry.npmjs.org/
12 silly mapToRegistry data Result {
12 silly mapToRegistry   raw: 'bcrypt',
12 silly mapToRegistry   scope: null,
12 silly mapToRegistry   escapedName: 'bcrypt',
12 silly mapToRegistry   name: 'bcrypt',
12 silly mapToRegistry   rawSpec: '',
12 silly mapToRegistry   spec: 'latest',
12 silly mapToRegistry   type: 'tag' }
13 silly mapToRegistry uri https://registry.npmjs.org/bcrypt
14 verbose request uri https://registry.npmjs.org/bcrypt
15 verbose request no auth needed
16 info attempt registry request try #1 at 18:58:53
17 verbose request id 38253b3443a2d7c3
18 http request GET https://registry.npmjs.org/bcrypt
19 http 200 https://registry.npmjs.org/bcrypt
20 verbose headers { server: 'nginx/1.10.1',
20 verbose headers   'content-type': 'application/json',
20 verbose headers   'last-modified': 'Fri, 10 Mar 2017 00:37:36 GMT',
20 verbose headers   etag: 'W/"58c1f550-16df2"',
20 verbose headers   'content-encoding': 'gzip',
20 verbose headers   'cache-control': 'max-age=300',
20 verbose headers   'content-length': '11100',
20 verbose headers   'accept-ranges': 'bytes',
20 verbose headers   date: 'Mon, 13 Mar 2017 17:58:55 GMT',
20 verbose headers   via: '1.1 varnish',
20 verbose headers   age: '289',
20 verbose headers   connection: 'keep-alive',
20 verbose headers   'x-served-by': 'cache-lcy1130-LCY',
20 verbose headers   'x-cache': 'HIT',
20 verbose headers   'x-cache-hits': '1',
20 verbose headers   'x-timer': 'S1489427935.343027,VS0,VE0',
20 verbose headers   vary: 'Accept-Encoding' }
21 silly get cb [ 200,
21 silly get   { server: 'nginx/1.10.1',
21 silly get     'content-type': 'application/json',
21 silly get     'last-modified': 'Fri, 10 Mar 2017 00:37:36 GMT',
21 silly get     etag: 'W/"58c1f550-16df2"',
21 silly get     'content-encoding': 'gzip',
21 silly get     'cache-control': 'max-age=300',
21 silly get     'content-length': '11100',
21 silly get     'accept-ranges': 'bytes',
21 silly get     date: 'Mon, 13 Mar 2017 17:58:55 GMT',
21 silly get     via: '1.1 varnish',
21 silly get     age: '289',
21 silly get     connection: 'keep-alive',
21 silly get     'x-served-by': 'cache-lcy1130-LCY',
21 silly get     'x-cache': 'HIT',
21 silly get     'x-cache-hits': '1',
21 silly get     'x-timer': 'S1489427935.343027,VS0,VE0',
21 silly get     vary: 'Accept-Encoding' } ]
22 verbose get saving bcrypt to /root/.npm/registry.npmjs.org/bcrypt/.cache.json
23 verbose correctMkdir /root/.npm correctMkdir not in flight; initializing
24 verbose makeDirectory /root/.npm creation not in flight; initializing
25 silly makeDirectory /root/.npm uid: 1000 gid: 1000
26 silly install normalizeTree
27 silly loadCurrentTree Finishing
28 silly loadIdealTree Starting
29 silly install loadIdealTree
30 silly cloneCurrentTree Starting
31 silly install cloneCurrentTreeToIdealTree
32 silly cloneCurrentTree Finishing
33 silly loadShrinkwrap Starting
34 silly install loadShrinkwrap
35 silly loadShrinkwrap Finishing
36 silly loadAllDepsIntoIdealTree Starting
37 silly install loadAllDepsIntoIdealTree
38 silly resolveWithNewModule bcrypt@1.0.2 checking installable status
39 silly cache add args [ 'bcrypt', null ]
40 verbose cache add spec bcrypt
41 silly cache add parsed spec Result {
41 silly cache add   raw: 'bcrypt',
41 silly cache add   scope: null,
41 silly cache add   escapedName: 'bcrypt',
41 silly cache add   name: 'bcrypt',
41 silly cache add   rawSpec: '',
41 silly cache add   spec: 'latest',
41 silly cache add   type: 'tag' }
42 silly addNamed bcrypt@latest
43 verbose addNamed "latest" is being treated as a dist-tag for bcrypt
44 info addNameTag [ 'bcrypt', 'latest' ]
45 silly mapToRegistry name bcrypt
46 silly mapToRegistry using default registry
47 silly mapToRegistry registry https://registry.npmjs.org/
48 silly mapToRegistry data Result {
48 silly mapToRegistry   raw: 'bcrypt',
48 silly mapToRegistry   scope: null,
48 silly mapToRegistry   escapedName: 'bcrypt',
48 silly mapToRegistry   name: 'bcrypt',
48 silly mapToRegistry   rawSpec: '',
48 silly mapToRegistry   spec: 'latest',
48 silly mapToRegistry   type: 'tag' }
49 silly mapToRegistry uri https://registry.npmjs.org/bcrypt
50 verbose addNameTag registry:https://registry.npmjs.org/bcrypt not in flight; fetching
51 verbose get https://registry.npmjs.org/bcrypt not expired, no request
52 silly addNameTag next cb for bcrypt with tag latest
53 silly addNamed bcrypt@1.0.2
54 verbose addNamed "1.0.2" is a plain semver version for bcrypt
55 silly mapToRegistry name bcrypt
56 silly mapToRegistry using default registry
57 silly mapToRegistry registry https://registry.npmjs.org/
58 silly mapToRegistry data Result {
58 silly mapToRegistry   raw: 'bcrypt',
58 silly mapToRegistry   scope: null,
58 silly mapToRegistry   escapedName: 'bcrypt',
58 silly mapToRegistry   name: 'bcrypt',
58 silly mapToRegistry   rawSpec: '',
58 silly mapToRegistry   spec: 'latest',
58 silly mapToRegistry   type: 'tag' }
59 silly mapToRegistry uri https://registry.npmjs.org/bcrypt
60 verbose addRemoteTarball https://registry.npmjs.org/bcrypt/-/bcrypt-1.0.2.tgz not in flight; adding
61 verbose addRemoteTarball [ 'https://registry.npmjs.org/bcrypt/-/bcrypt-1.0.2.tgz',
61 verbose addRemoteTarball   'd05fc5d223173e0e28ec381c0f00cc25ffaf2736' ]
62 info retry fetch attempt 1 at 18:58:56
63 info attempt registry request try #1 at 18:58:56
64 http fetch GET https://registry.npmjs.org/bcrypt/-/bcrypt-1.0.2.tgz
65 http fetch 200 https://registry.npmjs.org/bcrypt/-/bcrypt-1.0.2.tgz
66 silly fetchAndShaCheck shasum d05fc5d223173e0e28ec381c0f00cc25ffaf2736
67 verbose addTmpTarball /tmp/npm-8025-c4c17867/registry.npmjs.org/bcrypt/-/bcrypt-1.0.2.tgz not in flight; adding
68 verbose addTmpTarball already have metadata; skipping unpack for bcrypt@1.0.2
69 verbose correctMkdir /root/.npm correctMkdir not in flight; initializing
70 silly cache afterAdd bcrypt@1.0.2
71 verbose afterAdd /root/.npm/bcrypt/1.0.2/package/package.json not in flight; writing
72 verbose correctMkdir /root/.npm correctMkdir not in flight; initializing
73 verbose afterAdd /root/.npm/bcrypt/1.0.2/package/package.json written
74 silly fetchNamedPackageData bindings
75 silly mapToRegistry name bindings
76 silly mapToRegistry using default registry
77 silly mapToRegistry registry https://registry.npmjs.org/
78 silly mapToRegistry data Result {
78 silly mapToRegistry   raw: 'bindings',
78 silly mapToRegistry   scope: null,
78 silly mapToRegistry   escapedName: 'bindings',
78 silly mapToRegistry   name: 'bindings',
78 silly mapToRegistry   rawSpec: '',
78 silly mapToRegistry   spec: 'latest',
78 silly mapToRegistry   type: 'tag' }
79 silly mapToRegistry uri https://registry.npmjs.org/bindings
80 silly fetchNamedPackageData nan
81 silly mapToRegistry name nan
82 silly mapToRegistry using default registry
83 silly mapToRegistry registry https://registry.npmjs.org/
84 silly mapToRegistry data Result {
84 silly mapToRegistry   raw: 'nan',
84 silly mapToRegistry   scope: null,
84 silly mapToRegistry   escapedName: 'nan',
84 silly mapToRegistry   name: 'nan',
84 silly mapToRegistry   rawSpec: '',
84 silly mapToRegistry   spec: 'latest',
84 silly mapToRegistry   type: 'tag' }
85 silly mapToRegistry uri https://registry.npmjs.org/nan
86 silly fetchNamedPackageData node-pre-gyp
87 silly mapToRegistry name node-pre-gyp
88 silly mapToRegistry using default registry
89 silly mapToRegistry registry https://registry.npmjs.org/
90 silly mapToRegistry data Result {
90 silly mapToRegistry   raw: 'node-pre-gyp',
90 silly mapToRegistry   scope: null,
90 silly mapToRegistry   escapedName: 'node-pre-gyp',
90 silly mapToRegistry   name: 'node-pre-gyp',
90 silly mapToRegistry   rawSpec: '',
90 silly mapToRegistry   spec: 'latest',
90 silly mapToRegistry   type: 'tag' }
91 silly mapToRegistry uri https://registry.npmjs.org/node-pre-gyp
92 verbose request uri https://registry.npmjs.org/bindings
93 verbose request no auth needed
94 info attempt registry request try #1 at 18:58:57
95 http request GET https://registry.npmjs.org/bindings
96 verbose request uri https://registry.npmjs.org/nan
97 verbose request no auth needed
98 info attempt registry request try #1 at 18:58:57
99 http request GET https://registry.npmjs.org/nan
100 verbose request uri https://registry.npmjs.org/node-pre-gyp
101 verbose request no auth needed
102 info attempt registry request try #1 at 18:58:57
103 http request GET https://registry.npmjs.org/node-pre-gyp
104 http 200 https://registry.npmjs.org/bindings
105 verbose headers { server: 'nginx/1.10.1',
105 verbose headers   'content-type': 'application/json',
105 verbose headers   'last-modified': 'Tue, 18 Oct 2016 15:54:59 GMT',
105 verbose headers   etag: 'W/"580645d3-46f7"',
105 verbose headers   'content-encoding': 'gzip',
105 verbose headers   'cache-control': 'max-age=300',
105 verbose headers   'content-length': '3493',
105 verbose headers   'accept-ranges': 'bytes',
105 verbose headers   date: 'Mon, 13 Mar 2017 17:58:57 GMT',
105 verbose headers   via: '1.1 varnish',
105 verbose headers   age: '0',
105 verbose headers   connection: 'keep-alive',
105 verbose headers   'x-served-by': 'cache-lcy1130-LCY',
105 verbose headers   'x-cache': 'HIT',
105 verbose headers   'x-cache-hits': '1',
105 verbose headers   'x-timer': 'S1489427937.242243,VS0,VE18',
105 verbose headers   vary: 'Accept-Encoding' }
106 silly get cb [ 200,
106 silly get   { server: 'nginx/1.10.1',
106 silly get     'content-type': 'application/json',
106 silly get     'last-modified': 'Tue, 18 Oct 2016 15:54:59 GMT',
106 silly get     etag: 'W/"580645d3-46f7"',
106 silly get     'content-encoding': 'gzip',
106 silly get     'cache-control': 'max-age=300',
106 silly get     'content-length': '3493',
106 silly get     'accept-ranges': 'bytes',
106 silly get     date: 'Mon, 13 Mar 2017 17:58:57 GMT',
106 silly get     via: '1.1 varnish',
106 silly get     age: '0',
106 silly get     connection: 'keep-alive',
106 silly get     'x-served-by': 'cache-lcy1130-LCY',
106 silly get     'x-cache': 'HIT',
106 silly get     'x-cache-hits': '1',
106 silly get     'x-timer': 'S1489427937.242243,VS0,VE18',
106 silly get     vary: 'Accept-Encoding' } ]
107 verbose get saving bindings to /root/.npm/registry.npmjs.org/bindings/.cache.json
108 verbose correctMkdir /root/.npm correctMkdir not in flight; initializing
109 silly pickManifestFromRegistryMetadata spec 1.2.1 tag latest versions [ '0.0.1',
109 silly pickManifestFromRegistryMetadata   '0.1.0',
109 silly pickManifestFromRegistryMetadata   '0.1.1',
109 silly pickManifestFromRegistryMetadata   '0.2.0',
109 silly pickManifestFromRegistryMetadata   '0.2.1',
109 silly pickManifestFromRegistryMetadata   '0.2.2',
109 silly pickManifestFromRegistryMetadata   '0.2.3',
109 silly pickManifestFromRegistryMetadata   '0.2.4',
109 silly pickManifestFromRegistryMetadata   '0.3.0',
109 silly pickManifestFromRegistryMetadata   '0.4.0',
109 silly pickManifestFromRegistryMetadata   '1.0.0',
109 silly pickManifestFromRegistryMetadata   '1.1.0',
109 silly pickManifestFromRegistryMetadata   '1.1.1',
109 silly pickManifestFromRegistryMetadata   '1.2.0',
109 silly pickManifestFromRegistryMetadata   '1.2.1' ]
110 silly resolveWithNewModule bindings@1.2.1 checking installable status
111 silly cache add args [ 'bindings@1.2.1', null ]
112 verbose cache add spec bindings@1.2.1
113 silly cache add parsed spec Result {
113 silly cache add   raw: 'bindings@1.2.1',
113 silly cache add   scope: null,
113 silly cache add   escapedName: 'bindings',
113 silly cache add   name: 'bindings',
113 silly cache add   rawSpec: '1.2.1',
113 silly cache add   spec: '1.2.1',
113 silly cache add   type: 'version' }
114 silly addNamed bindings@1.2.1
115 verbose addNamed "1.2.1" is a plain semver version for bindings
116 silly mapToRegistry name bindings
117 silly mapToRegistry using default registry
118 silly mapToRegistry registry https://registry.npmjs.org/
119 silly mapToRegistry data Result {
119 silly mapToRegistry   raw: 'bindings',
119 silly mapToRegistry   scope: null,
119 silly mapToRegistry   escapedName: 'bindings',
119 silly mapToRegistry   name: 'bindings',
119 silly mapToRegistry   rawSpec: '',
119 silly mapToRegistry   spec: 'latest',
119 silly mapToRegistry   type: 'tag' }
120 silly mapToRegistry uri https://registry.npmjs.org/bindings
121 verbose addNameVersion registry:https://registry.npmjs.org/bindings not in flight; fetching
122 verbose get https://registry.npmjs.org/bindings not expired, no request
123 silly mapToRegistry name bindings
124 silly mapToRegistry using default registry
125 silly mapToRegistry registry https://registry.npmjs.org/
126 silly mapToRegistry data Result {
126 silly mapToRegistry   raw: 'bindings',
126 silly mapToRegistry   scope: null,
126 silly mapToRegistry   escapedName: 'bindings',
126 silly mapToRegistry   name: 'bindings',
126 silly mapToRegistry   rawSpec: '',
126 silly mapToRegistry   spec: 'latest',
126 silly mapToRegistry   type: 'tag' }
127 silly mapToRegistry uri https://registry.npmjs.org/bindings
128 verbose addRemoteTarball https://registry.npmjs.org/bindings/-/bindings-1.2.1.tgz not in flight; adding
129 verbose addRemoteTarball [ 'https://registry.npmjs.org/bindings/-/bindings-1.2.1.tgz',
129 verbose addRemoteTarball   '14ad6113812d2d37d72e67b4cacb4bb726505f11' ]
130 info retry fetch attempt 1 at 18:58:57
131 info attempt registry request try #1 at 18:58:57
132 http fetch GET https://registry.npmjs.org/bindings/-/bindings-1.2.1.tgz
133 http fetch 200 https://registry.npmjs.org/bindings/-/bindings-1.2.1.tgz
134 silly fetchAndShaCheck shasum 14ad6113812d2d37d72e67b4cacb4bb726505f11
135 verbose addTmpTarball /tmp/npm-8025-c4c17867/registry.npmjs.org/bindings/-/bindings-1.2.1.tgz not in flight; adding
136 verbose addTmpTarball already have metadata; skipping unpack for bindings@1.2.1
137 verbose correctMkdir /root/.npm correctMkdir not in flight; initializing
138 silly cache afterAdd bindings@1.2.1
139 verbose afterAdd /root/.npm/bindings/1.2.1/package/package.json not in flight; writing
140 verbose correctMkdir /root/.npm correctMkdir not in flight; initializing
141 verbose afterAdd /root/.npm/bindings/1.2.1/package/package.json written
142 http 200 https://registry.npmjs.org/node-pre-gyp
143 verbose headers { server: 'nginx/1.10.1',
143 verbose headers   'content-type': 'application/json',
143 verbose headers   'last-modified': 'Tue, 21 Feb 2017 23:04:00 GMT',
143 verbose headers   etag: 'W/"58acc760-27589"',
143 verbose headers   'content-encoding': 'gzip',
143 verbose headers   'cache-control': 'max-age=300',
143 verbose headers   'content-length': '19137',
143 verbose headers   'accept-ranges': 'bytes',
143 verbose headers   date: 'Mon, 13 Mar 2017 17:58:58 GMT',
143 verbose headers   via: '1.1 varnish',
143 verbose headers   age: '299',
143 verbose headers   connection: 'keep-alive',
143 verbose headers   'x-served-by': 'cache-lcy1140-LCY',
143 verbose headers   'x-cache': 'HIT',
143 verbose headers   'x-cache-hits': '3',
143 verbose headers   'x-timer': 'S1489427938.435413,VS0,VE0',
143 verbose headers   vary: 'Accept-Encoding' }
144 silly get cb [ 200,
144 silly get   { server: 'nginx/1.10.1',
144 silly get     'content-type': 'application/json',
144 silly get     'last-modified': 'Tue, 21 Feb 2017 23:04:00 GMT',
144 silly get     etag: 'W/"58acc760-27589"',
144 silly get     'content-encoding': 'gzip',
144 silly get     'cache-control': 'max-age=300',
144 silly get     'content-length': '19137',
144 silly get     'accept-ranges': 'bytes',
144 silly get     date: 'Mon, 13 Mar 2017 17:58:58 GMT',
144 silly get     via: '1.1 varnish',
144 silly get     age: '299',
144 silly get     connection: 'keep-alive',
144 silly get     'x-served-by': 'cache-lcy1140-LCY',
144 silly get     'x-cache': 'HIT',
144 silly get     'x-cache-hits': '3',
144 silly get     'x-timer': 'S1489427938.435413,VS0,VE0',
144 silly get     vary: 'Accept-Encoding' } ]
145 verbose get saving node-pre-gyp to /root/.npm/registry.npmjs.org/node-pre-gyp/.cache.json
146 verbose correctMkdir /root/.npm correctMkdir not in flight; initializing
147 silly pickManifestFromRegistryMetadata spec 0.6.32 tag latest versions [ '0.1.0',
147 silly pickManifestFromRegistryMetadata   '0.1.1',
147 silly pickManifestFromRegistryMetadata   '0.1.2',
147 silly pickManifestFromRegistryMetadata   '0.1.3',
147 silly pickManifestFromRegistryMetadata   '0.1.4',
147 silly pickManifestFromRegistryMetadata   '0.1.5',
147 silly pickManifestFromRegistryMetadata   '0.1.6',
147 silly pickManifestFromRegistryMetadata   '0.1.7',
147 silly pickManifestFromRegistryMetadata   '0.1.8',
147 silly pickManifestFromRegistryMetadata   '0.1.9',
147 silly pickManifestFromRegistryMetadata   '0.2.1',
147 silly pickManifestFromRegistryMetadata   '0.2.2',
147 silly pickManifestFromRegistryMetadata   '0.2.3',
147 silly pickManifestFromRegistryMetadata   '0.2.4',
147 silly pickManifestFromRegistryMetadata   '0.2.5',
147 silly pickManifestFromRegistryMetadata   '0.2.6',
147 silly pickManifestFromRegistryMetadata   '0.3.0',
147 silly pickManifestFromRegistryMetadata   '0.3.1',
147 silly pickManifestFromRegistryMetadata   '0.3.1-alpha',
147 silly pickManifestFromRegistryMetadata   '0.4.0',
147 silly pickManifestFromRegistryMetadata   '0.4.1',
147 silly pickManifestFromRegistryMetadata   '0.4.2',
147 silly pickManifestFromRegistryMetadata   '0.5.0',
147 silly pickManifestFromRegistryMetadata   '0.5.1',
147 silly pickManifestFromRegistryMetadata   '0.5.2',
147 silly pickManifestFromRegistryMetadata   '0.5.3',
147 silly pickManifestFromRegistryMetadata   '0.5.4',
147 silly pickManifestFromRegistryMetadata   '0.5.5',
147 silly pickManifestFromRegistryMetadata   '0.5.6',
147 silly pickManifestFromRegistryMetadata   '0.5.8',
147 silly pickManifestFromRegistryMetadata   '0.5.9',
147 silly pickManifestFromRegistryMetadata   '0.5.10',
147 silly pickManifestFromRegistryMetadata   '0.5.11',
147 silly pickManifestFromRegistryMetadata   '0.5.12',
147 silly pickManifestFromRegistryMetadata   '0.5.13',
147 silly pickManifestFromRegistryMetadata   '0.5.14',
147 silly pickManifestFromRegistryMetadata   '0.5.15',
147 silly pickManifestFromRegistryMetadata   '0.5.16',
147 silly pickManifestFromRegistryMetadata   '0.5.17',
147 silly pickManifestFromRegistryMetadata   '0.5.18',
147 silly pickManifestFromRegistryMetadata   '0.5.19',
147 silly pickManifestFromRegistryMetadata   '0.5.20',
147 silly pickManifestFromRegistryMetadata   '0.5.21',
147 silly pickManifestFromRegistryMetadata   '0.5.22',
147 silly pickManifestFromRegistryMetadata   '0.5.23',
147 silly pickManifestFromRegistryMetadata   '0.5.24',
147 silly pickManifestFromRegistryMetadata   '0.5.25',
147 silly pickManifestFromRegistryMetadata   '0.5.26',
147 silly pickManifestFromRegistryMetadata   '0.5.27',
147 silly pickManifestFromRegistryMetadata   '0.5.28',
147 silly pickManifestFromRegistryMetadata   '0.5.29',
147 silly pickManifestFromRegistryMetadata   '0.5.30',
147 silly pickManifestFromRegistryMetadata   '0.5.31',
147 silly pickManifestFromRegistryMetadata   '0.6.0',
147 silly pickManifestFromRegistryMetadata   '0.6.1',
147 silly pickManifestFromRegistryMetadata   '0.6.2',
147 silly pickManifestFromRegistryMetadata   '0.6.3',
147 silly pickManifestFromRegistryMetadata   '0.6.4',
147 silly pickManifestFromRegistryMetadata   '0.6.5',
147 silly pickManifestFromRegistryMetadata   '0.6.6',
147 silly pickManifestFromRegistryMetadata   '0.6.7',
147 silly pickManifestFromRegistryMetadata   '0.6.8',
147 silly pickManifestFromRegistryMetadata   '0.6.9',
147 silly pickManifestFromRegistryMetadata   '0.6.10',
147 silly pickManifestFromRegistryMetadata   '0.6.11',
147 silly pickManifestFromRegistryMetadata   '0.6.12',
147 silly pickManifestFromRegistryMetadata   '0.6.13',
147 silly pickManifestFromRegistryMetadata   '0.6.14',
147 silly pickManifestFromRegistryMetadata   '0.6.15',
147 silly pickManifestFromRegistryMetadata   '0.6.16',
147 silly pickManifestFromRegistryMetadata   '0.6.17',
147 silly pickManifestFromRegistryMetadata   '0.6.18',
147 silly pickManifestFromRegistryMetadata   '0.6.19',
147 silly pickManifestFromRegistryMetadata   '0.6.20',
147 silly pickManifestFromRegistryMetadata   '0.6.21',
147 silly pickManifestFromRegistryMetadata   '0.6.22',
147 silly pickManifestFromRegistryMetadata   '0.6.23',
147 silly pickManifestFromRegistryMetadata   '0.6.24',
147 silly pickManifestFromRegistryMetadata   '0.6.25',
147 silly pickManifestFromRegistryMetadata   '0.6.26',
147 silly pickManifestFromRegistryMetadata   '0.6.27',
147 silly pickManifestFromRegistryMetadata   '0.6.28',
147 silly pickManifestFromRegistryMetadata   '0.6.29',
147 silly pickManifestFromRegistryMetadata   '0.6.30',
147 silly pickManifestFromRegistryMetadata   '0.6.31',
147 silly pickManifestFromRegistryMetadata   '0.6.32',
147 silly pickManifestFromRegistryMetadata   '0.6.33' ]
148 silly resolveWithNewModule node-pre-gyp@0.6.32 checking installable status
149 silly cache add args [ 'node-pre-gyp@0.6.32', null ]
150 verbose cache add spec node-pre-gyp@0.6.32
151 silly cache add parsed spec Result {
151 silly cache add   raw: 'node-pre-gyp@0.6.32',
151 silly cache add   scope: null,
151 silly cache add   escapedName: 'node-pre-gyp',
151 silly cache add   name: 'node-pre-gyp',
151 silly cache add   rawSpec: '0.6.32',
151 silly cache add   spec: '0.6.32',
151 silly cache add   type: 'version' }
152 silly addNamed node-pre-gyp@0.6.32
153 verbose addNamed "0.6.32" is a plain semver version for node-pre-gyp
154 silly mapToRegistry name node-pre-gyp
155 silly mapToRegistry using default registry
156 silly mapToRegistry registry https://registry.npmjs.org/
157 silly mapToRegistry data Result {
157 silly mapToRegistry   raw: 'node-pre-gyp',
157 silly mapToRegistry   scope: null,
157 silly mapToRegistry   escapedName: 'node-pre-gyp',
157 silly mapToRegistry   name: 'node-pre-gyp',
157 silly mapToRegistry   rawSpec: '',
157 silly mapToRegistry   spec: 'latest',
157 silly mapToRegistry   type: 'tag' }
158 silly mapToRegistry uri https://registry.npmjs.org/node-pre-gyp
159 verbose addNameVersion registry:https://registry.npmjs.org/node-pre-gyp not in flight; fetching
160 verbose get https://registry.npmjs.org/node-pre-gyp not expired, no request
161 silly mapToRegistry name node-pre-gyp
162 silly mapToRegistry using default registry
163 silly mapToRegistry registry https://registry.npmjs.org/
164 silly mapToRegistry data Result {
164 silly mapToRegistry   raw: 'node-pre-gyp',
164 silly mapToRegistry   scope: null,
164 silly mapToRegistry   escapedName: 'node-pre-gyp',
164 silly mapToRegistry   name: 'node-pre-gyp',
164 silly mapToRegistry   rawSpec: '',
164 silly mapToRegistry   spec: 'latest',
164 silly mapToRegistry   type: 'tag' }
165 silly mapToRegistry uri https://registry.npmjs.org/node-pre-gyp
166 verbose addRemoteTarball https://registry.npmjs.org/node-pre-gyp/-/node-pre-gyp-0.6.32.tgz not in flight; adding
167 verbose addRemoteTarball [ 'https://registry.npmjs.org/node-pre-gyp/-/node-pre-gyp-0.6.32.tgz',
167 verbose addRemoteTarball   'fc452b376e7319b3d255f5f34853ef6fd8fe1fd5' ]
168 info retry fetch attempt 1 at 18:58:59
169 info attempt registry request try #1 at 18:58:59
170 http fetch GET https://registry.npmjs.org/node-pre-gyp/-/node-pre-gyp-0.6.32.tgz
171 http fetch 200 https://registry.npmjs.org/node-pre-gyp/-/node-pre-gyp-0.6.32.tgz
172 silly fetchAndShaCheck shasum fc452b376e7319b3d255f5f34853ef6fd8fe1fd5
173 verbose addTmpTarball /tmp/npm-8025-c4c17867/registry.npmjs.org/node-pre-gyp/-/node-pre-gyp-0.6.32.tgz not in flight; adding
174 verbose addTmpTarball already have metadata; skipping unpack for node-pre-gyp@0.6.32
175 verbose correctMkdir /root/.npm correctMkdir not in flight; initializing
176 silly cache afterAdd node-pre-gyp@0.6.32
177 verbose afterAdd /root/.npm/node-pre-gyp/0.6.32/package/package.json not in flight; writing
178 verbose correctMkdir /root/.npm correctMkdir not in flight; initializing
179 verbose afterAdd /root/.npm/node-pre-gyp/0.6.32/package/package.json written
180 http 200 https://registry.npmjs.org/nan
181 verbose headers { server: 'nginx/1.10.1',
181 verbose headers   'content-type': 'application/json',
181 verbose headers   'last-modified': 'Wed, 15 Feb 2017 12:36:59 GMT',
181 verbose headers   etag: 'W/"58a44b6b-1df62"',
181 verbose headers   'content-encoding': 'gzip',
181 verbose headers   'cache-control': 'max-age=300',
181 verbose headers   'content-length': '14430',
181 verbose headers   'accept-ranges': 'bytes',
181 verbose headers   date: 'Mon, 13 Mar 2017 17:59:03 GMT',
181 verbose headers   via: '1.1 varnish',
181 verbose headers   age: '171',
181 verbose headers   connection: 'keep-alive',
181 verbose headers   'x-served-by': 'cache-lcy1123-LCY',
181 verbose headers   'x-cache': 'HIT',
181 verbose headers   'x-cache-hits': '2',
181 verbose headers   'x-timer': 'S1489427943.849039,VS0,VE0',
181 verbose headers   vary: 'Accept-Encoding' }
182 silly get cb [ 200,
182 silly get   { server: 'nginx/1.10.1',
182 silly get     'content-type': 'application/json',
182 silly get     'last-modified': 'Wed, 15 Feb 2017 12:36:59 GMT',
182 silly get     etag: 'W/"58a44b6b-1df62"',
182 silly get     'content-encoding': 'gzip',
182 silly get     'cache-control': 'max-age=300',
182 silly get     'content-length': '14430',
182 silly get     'accept-ranges': 'bytes',
182 silly get     date: 'Mon, 13 Mar 2017 17:59:03 GMT',
182 silly get     via: '1.1 varnish',
182 silly get     age: '171',
182 silly get     connection: 'keep-alive',
182 silly get     'x-served-by': 'cache-lcy1123-LCY',
182 silly get     'x-cache': 'HIT',
182 silly get     'x-cache-hits': '2',
182 silly get     'x-timer': 'S1489427943.849039,VS0,VE0',
182 silly get     vary: 'Accept-Encoding' } ]
183 verbose get saving nan to /root/.npm/registry.npmjs.org/nan/.cache.json
184 verbose correctMkdir /root/.npm correctMkdir not in flight; initializing
185 silly pickManifestFromRegistryMetadata spec 2.5.0 tag latest versions [ '0.3.0-wip',
185 silly pickManifestFromRegistryMetadata   '0.3.0-wip2',
185 silly pickManifestFromRegistryMetadata   '0.3.0',
185 silly pickManifestFromRegistryMetadata   '0.3.1',
185 silly pickManifestFromRegistryMetadata   '0.3.2',
185 silly pickManifestFromRegistryMetadata   '0.4.0',
185 silly pickManifestFromRegistryMetadata   '0.4.1',
185 silly pickManifestFromRegistryMetadata   '0.4.2',
185 silly pickManifestFromRegistryMetadata   '0.4.3',
185 silly pickManifestFromRegistryMetadata   '0.4.4',
185 silly pickManifestFromRegistryMetadata   '0.5.0',
185 silly pickManifestFromRegistryMetadata   '0.5.1',
185 silly pickManifestFromRegistryMetadata   '0.5.2',
185 silly pickManifestFromRegistryMetadata   '0.6.0',
185 silly pickManifestFromRegistryMetadata   '0.7.0',
185 silly pickManifestFromRegistryMetadata   '0.7.1',
185 silly pickManifestFromRegistryMetadata   '0.8.0',
185 silly pickManifestFromRegistryMetadata   '1.0.0',
185 silly pickManifestFromRegistryMetadata   '1.1.0',
185 silly pickManifestFromRegistryMetadata   '1.1.1',
185 silly pickManifestFromRegistryMetadata   '1.1.2',
185 silly pickManifestFromRegistryMetadata   '1.2.0',
185 silly pickManifestFromRegistryMetadata   '1.3.0',
185 silly pickManifestFromRegistryMetadata   '1.4.0',
185 silly pickManifestFromRegistryMetadata   '1.4.1',
185 silly pickManifestFromRegistryMetadata   '1.5.0',
185 silly pickManifestFromRegistryMetadata   '1.4.2',
185 silly pickManifestFromRegistryMetadata   '1.4.3',
185 silly pickManifestFromRegistryMetadata   '1.5.1',
185 silly pickManifestFromRegistryMetadata   '1.5.2',
185 silly pickManifestFromRegistryMetadata   '1.6.0',
185 silly pickManifestFromRegistryMetadata   '1.5.3',
185 silly pickManifestFromRegistryMetadata   '1.6.1',
185 silly pickManifestFromRegistryMetadata   '1.6.2',
185 silly pickManifestFromRegistryMetadata   '1.7.0',
185 silly pickManifestFromRegistryMetadata   '1.8.0',
185 silly pickManifestFromRegistryMetadata   '1.8.1',
185 silly pickManifestFromRegistryMetadata   '1.8.2',
185 silly pickManifestFromRegistryMetadata   '1.8.3',
185 silly pickManifestFromRegistryMetadata   '1.8.4',
185 silly pickManifestFromRegistryMetadata   '1.9.0',
185 silly pickManifestFromRegistryMetadata   '2.0.0',
185 silly pickManifestFromRegistryMetadata   '2.0.1',
185 silly pickManifestFromRegistryMetadata   '2.0.2',
185 silly pickManifestFromRegistryMetadata   '2.0.3',
185 silly pickManifestFromRegistryMetadata   '2.0.4',
185 silly pickManifestFromRegistryMetadata   '2.0.5',
185 silly pickManifestFromRegistryMetadata   '2.0.6',
185 silly pickManifestFromRegistryMetadata   '2.0.7',
185 silly pickManifestFromRegistryMetadata   '2.0.8',
185 silly pickManifestFromRegistryMetadata   '2.0.9',
185 silly pickManifestFromRegistryMetadata   '2.1.0',
185 silly pickManifestFromRegistryMetadata   '2.2.0',
185 silly pickManifestFromRegistryMetadata   '2.2.1',
185 silly pickManifestFromRegistryMetadata   '2.3.0',
185 silly pickManifestFromRegistryMetadata   '2.3.1',
185 silly pickManifestFromRegistryMetadata   '2.3.2',
185 silly pickManifestFromRegistryMetadata   '2.3.3',
185 silly pickManifestFromRegistryMetadata   '2.3.4',
185 silly pickManifestFromRegistryMetadata   '2.3.5',
185 silly pickManifestFromRegistryMetadata   '2.4.0',
185 silly pickManifestFromRegistryMetadata   '2.5.0',
185 silly pickManifestFromRegistryMetadata   '2.5.1' ]
186 silly resolveWithNewModule nan@2.5.0 checking installable status
187 silly cache add args [ 'nan@2.5.0', null ]
188 verbose cache add spec nan@2.5.0
189 silly cache add parsed spec Result {
189 silly cache add   raw: 'nan@2.5.0',
189 silly cache add   scope: null,
189 silly cache add   escapedName: 'nan',
189 silly cache add   name: 'nan',
189 silly cache add   rawSpec: '2.5.0',
189 silly cache add   spec: '2.5.0',
189 silly cache add   type: 'version' }
190 silly addNamed nan@2.5.0
191 verbose addNamed "2.5.0" is a plain semver version for nan
192 silly mapToRegistry name nan
193 silly mapToRegistry using default registry
194 silly mapToRegistry registry https://registry.npmjs.org/
195 silly mapToRegistry data Result {
195 silly mapToRegistry   raw: 'nan',
195 silly mapToRegistry   scope: null,
195 silly mapToRegistry   escapedName: 'nan',
195 silly mapToRegistry   name: 'nan',
195 silly mapToRegistry   rawSpec: '',
195 silly mapToRegistry   spec: 'latest',
195 silly mapToRegistry   type: 'tag' }
196 silly mapToRegistry uri https://registry.npmjs.org/nan
197 verbose addNameVersion registry:https://registry.npmjs.org/nan not in flight; fetching
198 verbose get https://registry.npmjs.org/nan not expired, no request
199 silly mapToRegistry name nan
200 silly mapToRegistry using default registry
201 silly mapToRegistry registry https://registry.npmjs.org/
202 silly mapToRegistry data Result {
202 silly mapToRegistry   raw: 'nan',
202 silly mapToRegistry   scope: null,
202 silly mapToRegistry   escapedName: 'nan',
202 silly mapToRegistry   name: 'nan',
202 silly mapToRegistry   rawSpec: '',
202 silly mapToRegistry   spec: 'latest',
202 silly mapToRegistry   type: 'tag' }
203 silly mapToRegistry uri https://registry.npmjs.org/nan
204 verbose addRemoteTarball https://registry.npmjs.org/nan/-/nan-2.5.0.tgz not in flight; adding
205 verbose addRemoteTarball [ 'https://registry.npmjs.org/nan/-/nan-2.5.0.tgz',
205 verbose addRemoteTarball   'aa8f1e34531d807e9e27755b234b4a6ec0c152a8' ]
206 info retry fetch attempt 1 at 18:59:04
207 info attempt registry request try #1 at 18:59:04
208 http fetch GET https://registry.npmjs.org/nan/-/nan-2.5.0.tgz
209 http fetch 200 https://registry.npmjs.org/nan/-/nan-2.5.0.tgz
210 silly fetchAndShaCheck shasum aa8f1e34531d807e9e27755b234b4a6ec0c152a8
211 verbose addTmpTarball /tmp/npm-8025-c4c17867/registry.npmjs.org/nan/-/nan-2.5.0.tgz not in flight; adding
212 verbose addTmpTarball already have metadata; skipping unpack for nan@2.5.0
213 verbose correctMkdir /root/.npm correctMkdir not in flight; initializing
214 silly cache afterAdd nan@2.5.0
215 verbose afterAdd /root/.npm/nan/2.5.0/package/package.json not in flight; writing
216 verbose correctMkdir /root/.npm correctMkdir not in flight; initializing
217 verbose afterAdd /root/.npm/nan/2.5.0/package/package.json written
218 silly loadAllDepsIntoIdealTree Finishing
219 silly loadIdealTree Finishing
220 silly currentTree projetSel@
220 silly currentTree ├── abbrev@1.1.0
220 silly currentTree ├── ajv@4.11.5
220 silly currentTree ├── ansi-regex@2.1.1
220 silly currentTree ├── aproba@1.1.1
220 silly currentTree ├── are-we-there-yet@1.1.2
220 silly currentTree ├── asap@2.0.5
220 silly currentTree ├── asn1@0.2.3
220 silly currentTree ├── assert-plus@0.2.0
220 silly currentTree ├── asynckit@0.4.0
220 silly currentTree ├── aws-sign2@0.6.0
220 silly currentTree ├── aws4@1.6.0
220 silly currentTree ├── axios@0.15.3
220 silly currentTree ├── babel-runtime@6.23.0
220 silly currentTree ├── balanced-match@0.4.2
220 silly currentTree ├── bcrypt-pbkdf@1.0.1
220 silly currentTree ├─┬ bcrypt@1.0.2
220 silly currentTree │ └── node-pre-gyp@0.6.32
220 silly currentTree ├── bindings@1.2.1
220 silly currentTree ├── block-stream@0.0.9
220 silly currentTree ├── boom@2.10.1
220 silly currentTree ├── brace-expansion@1.1.6
220 silly currentTree ├── buffer-shims@1.0.0
220 silly currentTree ├── caseless@0.12.0
220 silly currentTree ├── class-autobind@0.1.4
220 silly currentTree ├── classnames@2.2.5
220 silly currentTree ├── co@4.6.0
220 silly currentTree ├── code-point-at@1.1.0
220 silly currentTree ├── combined-stream@1.0.5
220 silly currentTree ├── concat-map@0.0.1
220 silly currentTree ├── console-control-strings@1.1.0
220 silly currentTree ├── core-js@2.4.1
220 silly currentTree ├── core-util-is@1.0.2
220 silly currentTree ├── cryptiles@2.0.5
220 silly currentTree ├─┬ dashdash@1.14.1
220 silly currentTree │ └── assert-plus@1.0.0
220 silly currentTree ├── debug@2.6.2
220 silly currentTree ├── deep-extend@0.4.1
220 silly currentTree ├── delayed-stream@1.0.0
220 silly currentTree ├── delegates@1.0.0
220 silly currentTree ├── domready@1.0.8
220 silly currentTree ├── draft-js-export-html@0.5.2
220 silly currentTree ├── draft-js-export-markdown@0.2.2
220 silly currentTree ├── draft-js-import-element@0.4.3
220 silly currentTree ├── draft-js-import-html@0.3.2
220 silly currentTree ├── draft-js-import-markdown@0.2.1
220 silly currentTree ├── draft-js-utils@0.1.7
220 silly currentTree ├─┬ draft-js@0.9.1
220 silly currentTree │ └── immutable@3.7.6
220 silly currentTree ├── ecc-jsbn@0.1.1
220 silly currentTree ├── encoding@0.1.12
220 silly currentTree ├── extend@3.0.0
220 silly currentTree ├── extsprintf@1.0.2
220 silly currentTree ├─┬ fbjs@0.8.9
220 silly currentTree │ └── core-js@1.2.7
220 silly currentTree ├── follow-redirects@1.0.0
220 silly currentTree ├── forever-agent@0.6.1
220 silly currentTree ├── form-data@2.1.2
220 silly currentTree ├── fs.realpath@1.0.0
220 silly currentTree ├── fstream-ignore@1.0.5
220 silly currentTree ├── fstream@1.0.11
220 silly currentTree ├── gauge@2.7.3
220 silly currentTree ├─┬ getpass@0.1.6
220 silly currentTree │ └── assert-plus@1.0.0
220 silly currentTree ├── glob@7.1.1
220 silly currentTree ├── graceful-fs@4.1.11
220 silly currentTree ├── har-schema@1.0.5
220 silly currentTree ├── har-validator@4.2.1
220 silly currentTree ├── has-unicode@2.0.1
220 silly currentTree ├── hawk@3.1.3
220 silly currentTree ├── hoek@2.16.3
220 silly currentTree ├── hoist-non-react-statics@1.2.0
220 silly currentTree ├── http-signature@1.1.1
220 silly currentTree ├── i@0.3.5
220 silly currentTree ├── iconv-lite@0.4.15
220 silly currentTree ├── immutable@3.8.1
220 silly currentTree ├── inflight@1.0.6
220 silly currentTree ├── inherits@2.0.3
220 silly currentTree ├── ini@1.3.4
220 silly currentTree ├── is-fullwidth-code-point@1.0.0
220 silly currentTree ├── is-stream@1.1.0
220 silly currentTree ├── is-typedarray@1.0.0
220 silly currentTree ├── isarray@1.0.0
220 silly currentTree ├── isomorphic-fetch@2.2.1
220 silly currentTree ├── isstream@0.1.2
220 silly currentTree ├── jodid25519@1.0.2
220 silly currentTree ├── js-tokens@3.0.1
220 silly currentTree ├── jsbn@0.1.1
220 silly currentTree ├── json-schema@0.2.3
220 silly currentTree ├── json-stable-stringify@1.0.1
220 silly currentTree ├── json-stringify-safe@5.0.1
220 silly currentTree ├── jsonify@0.0.0
220 silly currentTree ├── jsprim@1.3.1
220 silly currentTree ├── lodash._getnative@3.9.1
220 silly currentTree ├── lodash.isarguments@3.1.0
220 silly currentTree ├── lodash.isarray@3.0.4
220 silly currentTree ├── lodash.keys@3.1.2
220 silly currentTree ├── lodash.pick@4.4.0
220 silly currentTree ├── lodash@4.17.4
220 silly currentTree ├── loose-envify@1.3.1
220 silly currentTree ├─┬ meteor-node-stubs@0.2.6
220 silly currentTree │ ├── asn1.js@4.9.0
220 silly currentTree │ ├── assert@1.4.1
220 silly currentTree │ ├── base64-js@1.2.0
220 silly currentTree │ ├── Base64@0.2.1
220 silly currentTree │ ├── bn.js@4.11.6
220 silly currentTree │ ├── brorand@1.0.6
220 silly currentTree │ ├── browserify-aes@1.0.6
220 silly currentTree │ ├── browserify-cipher@1.0.0
220 silly currentTree │ ├── browserify-des@1.0.0
220 silly currentTree │ ├── browserify-rsa@4.0.1
220 silly currentTree │ ├── browserify-sign@4.0.0
220 silly currentTree │ ├── browserify-zlib@0.1.4
220 silly currentTree │ ├── buffer-shims@1.0.0
220 silly currentTree │ ├── buffer-xor@1.0.3
220 silly currentTree │ ├── buffer@4.9.1
220 silly currentTree │ ├── cipher-base@1.0.3
220 silly currentTree │ ├── console-browserify@1.1.0
220 silly currentTree │ ├── constants-browserify@1.0.0
220 silly currentTree │ ├── core-util-is@1.0.2
220 silly currentTree │ ├── create-ecdh@4.0.0
220 silly currentTree │ ├── create-hash@1.1.2
220 silly currentTree │ ├── create-hmac@1.1.4
220 silly currentTree │ ├── crypto-browserify@3.11.0
220 silly currentTree │ ├── date-now@0.1.4
220 silly currentTree │ ├── des.js@1.0.0
220 silly currentTree │ ├── diffie-hellman@5.0.2
220 silly currentTree │ ├── domain-browser@1.1.7
220 silly currentTree │ ├── elliptic@6.3.2
220 silly currentTree │ ├── events@1.1.1
220 silly currentTree │ ├── evp_bytestokey@1.0.0
220 silly currentTree │ ├── hash.js@1.0.3
220 silly currentTree │ ├── http-browserify@1.7.0
220 silly currentTree │ ├── https-browserify@0.0.1
220 silly currentTree │ ├── ieee754@1.1.8
220 silly currentTree │ ├── indexof@0.0.1
220 silly currentTree │ ├── inherits@2.0.1
220 silly currentTree │ ├── isarray@1.0.0
220 silly currentTree │ ├── miller-rabin@4.0.0
220 silly currentTree │ ├── minimalistic-assert@1.0.0
220 silly currentTree │ ├── os-browserify@0.2.1
220 silly currentTree │ ├── pako@0.2.9
220 silly currentTree │ ├── parse-asn1@5.0.0
220 silly currentTree │ ├── path-browserify@0.0.0
220 silly currentTree │ ├── pbkdf2@3.0.9
220 silly currentTree │ ├── process-nextick-args@1.0.7
220 silly currentTree │ ├── process@0.11.9
220 silly currentTree │ ├── public-encrypt@4.0.0
220 silly currentTree │ ├── punycode@1.4.1
220 silly currentTree │ ├── querystring-es3@0.2.1
220 silly currentTree │ ├── querystring@0.2.0
220 silly currentTree │ ├── randombytes@2.0.3
220 silly currentTree │ ├── readable-stream@2.2.1
220 silly currentTree │ ├── ripemd160@1.0.1
220 silly currentTree │ ├── sha.js@2.4.8
220 silly currentTree │ ├── stream-browserify@2.0.1
220 silly currentTree │ ├── string_decoder@0.10.31
220 silly currentTree │ ├── timers-browserify@1.4.2
220 silly currentTree │ ├── tty-browserify@0.0.0
220 silly currentTree │ ├─┬ url@0.11.0
220 silly currentTree │ │ └── punycode@1.3.2
220 silly currentTree │ ├── util-deprecate@1.0.2
220 silly currentTree │ ├── util@0.10.3
220 silly currentTree │ └── vm-browserify@0.0.4
220 silly currentTree ├── mime-db@1.26.0
220 silly currentTree ├── mime-types@2.1.14
220 silly currentTree ├── minimatch@3.0.3
220 silly currentTree ├── minimist@0.0.8
220 silly currentTree ├── mkdirp@0.5.1
220 silly currentTree ├── ms@0.7.2
220 silly currentTree ├── nan@2.5.0
220 silly currentTree ├── node-fetch@1.6.3
220 silly currentTree ├── node-pre-gyp@0.6.33
220 silly currentTree ├── nopt@3.0.6
220 silly currentTree ├─┬ npm@4.4.1
220 silly currentTree │ ├── abbrev@1.1.0
220 silly currentTree │ ├── ansi-regex@2.1.1
220 silly currentTree │ ├── ansicolors@0.3.2
220 silly currentTree │ ├── ansistyles@0.1.3
220 silly currentTree │ ├── aproba@1.1.1
220 silly currentTree │ ├── archy@1.0.0
220 silly currentTree │ ├── asap@2.0.5
220 silly currentTree │ ├── chownr@1.0.1
220 silly currentTree │ ├── cmd-shim@2.0.2
220 silly currentTree │ ├─┬ columnify@1.5.4
220 silly currentTree │ │ └─┬ wcwidth@1.0.0
220 silly currentTree │ │   └─┬ defaults@1.0.3
220 silly currentTree │ │     └── clone@1.0.2
220 silly currentTree │ ├─┬ config-chain@1.1.11
220 silly currentTree │ │ └── proto-list@1.2.4
220 silly currentTree │ ├── debuglog@1.0.1
220 silly currentTree │ ├── dezalgo@1.0.3
220 silly currentTree │ ├── editor@1.0.0
220 silly currentTree │ ├── fs-vacuum@1.2.9
220 silly currentTree │ ├── fs-write-stream-atomic@1.0.8
220 silly currentTree │ ├─┬ fstream-npm@1.2.0
220 silly currentTree │ │ └─┬ fstream-ignore@1.0.5
220 silly currentTree │ │   └─┬ minimatch@3.0.3
220 silly currentTree │ │     └─┬ brace-expansion@1.1.6
220 silly currentTree │ │       ├── balanced-match@0.4.2
220 silly currentTree │ │       └── concat-map@0.0.1
220 silly currentTree │ ├── fstream@1.0.10
220 silly currentTree │ ├─┬ glob@7.1.1
220 silly currentTree │ │ ├── fs.realpath@1.0.0
220 silly currentTree │ │ ├─┬ minimatch@3.0.3
220 silly currentTree │ │ │ └─┬ brace-expansion@1.1.6
220 silly currentTree │ │ │   ├── balanced-match@0.4.2
220 silly currentTree │ │ │   └── concat-map@0.0.1
220 silly currentTree │ │ └── path-is-absolute@1.0.1
220 silly currentTree │ ├── graceful-fs@4.1.11
220 silly currentTree │ ├── has-unicode@2.0.1
220 silly currentTree │ ├── hosted-git-info@2.2.0
220 silly currentTree │ ├── iferr@0.1.5
220 silly currentTree │ ├── imurmurhash@0.1.4
220 silly currentTree │ ├── inflight@1.0.6
220 silly currentTree │ ├── inherits@2.0.3
220 silly currentTree │ ├── ini@1.3.4
220 silly currentTree │ ├─┬ init-package-json@1.9.4
220 silly currentTree │ │ ├─┬ glob@6.0.4
220 silly currentTree │ │ │ ├─┬ minimatch@3.0.3
220 silly currentTree │ │ │ │ └─┬ brace-expansion@1.1.6
220 silly currentTree │ │ │ │   ├── balanced-match@0.4.2
220 silly currentTree │ │ │ │   └── concat-map@0.0.1
220 silly currentTree │ │ │ └── path-is-absolute@1.0.0
220 silly currentTree │ │ ├── promzard@0.3.0
220 silly currentTree │ │ └─┬ validate-npm-package-name@2.2.2
220 silly currentTree │ │   └── builtins@0.0.7
220 silly currentTree │ ├─┬ JSONStream@1.3.0
220 silly currentTree │ │ ├── jsonparse@1.2.0
220 silly currentTree │ │ └── through@2.3.8
220 silly currentTree │ ├── lazy-property@1.0.0
220 silly currentTree │ ├── lockfile@1.0.3
220 silly currentTree │ ├── lodash._baseindexof@3.1.0
220 silly currentTree │ ├─┬ lodash._baseuniq@4.6.0
220 silly currentTree │ │ ├── lodash._createset@4.0.3
220 silly currentTree │ │ └── lodash._root@3.0.1
220 silly currentTree │ ├── lodash._bindcallback@3.0.1
220 silly currentTree │ ├── lodash._cacheindexof@3.0.2
220 silly currentTree │ ├── lodash._createcache@3.1.2
220 silly currentTree │ ├── lodash._getnative@3.9.1
220 silly currentTree │ ├── lodash.clonedeep@4.5.0
220 silly currentTree │ ├── lodash.restparam@3.6.1
220 silly currentTree │ ├── lodash.union@4.6.0
220 silly currentTree │ ├── lodash.uniq@4.5.0
220 silly currentTree │ ├── lodash.without@4.4.0
220 silly currentTree │ ├─┬ mississippi@1.3.0
220 silly currentTree │ │ ├─┬ concat-stream@1.6.0
220 silly currentTree │ │ │ └── typedarray@0.0.6
220 silly currentTree │ │ ├─┬ duplexify@3.5.0
220 silly currentTree │ │ │ ├─┬ end-of-stream@1.0.0
220 silly currentTree │ │ │ │ └── once@1.3.3
220 silly currentTree │ │ │ └── stream-shift@1.0.0
220 silly currentTree │ │ ├─┬ end-of-stream@1.1.0
220 silly currentTree │ │ │ └── once@1.3.3
220 silly currentTree │ │ ├── flush-write-stream@1.0.2
220 silly currentTree │ │ ├── from2@2.3.0
220 silly currentTree │ │ ├─┬ parallel-transform@1.1.0
220 silly currentTree │ │ │ └── cyclist@0.2.2
220 silly currentTree │ │ ├── pump@1.0.2
220 silly currentTree │ │ ├── pumpify@1.3.5
220 silly currentTree │ │ ├─┬ stream-each@1.2.0
220 silly currentTree │ │ │ └── stream-shift@1.0.0
220 silly currentTree │ │ └─┬ through2@2.0.3
220 silly currentTree │ │   └── xtend@4.0.1
220 silly currentTree │ ├─┬ mkdirp@0.5.1
220 silly currentTree │ │ └── minimist@0.0.8
220 silly currentTree │ ├─┬ node-gyp@3.5.0
220 silly currentTree │ │ ├─┬ minimatch@3.0.3
220 silly currentTree │ │ │ └─┬ brace-expansion@1.1.6
220 silly currentTree │ │ │   ├── balanced-match@0.4.2
220 silly currentTree │ │ │   └── concat-map@0.0.1
220 silly currentTree │ │ └── nopt@3.0.6
220 silly currentTree │ ├─┬ nopt@4.0.1
220 silly currentTree │ │ └─┬ osenv@0.1.4
220 silly currentTree │ │   ├── os-homedir@1.0.2
220 silly currentTree │ │   └── os-tmpdir@1.0.2
220 silly currentTree │ ├── normalize-git-url@3.0.2
220 silly currentTree │ ├─┬ normalize-package-data@2.3.5
220 silly currentTree │ │ └─┬ is-builtin-module@1.0.0
220 silly currentTree │ │   └── builtin-modules@1.1.1
220 silly currentTree │ ├── npm-cache-filename@1.0.2
220 silly currentTree │ ├── npm-install-checks@3.0.0
220 silly currentTree │ ├── npm-package-arg@4.2.0
220 silly currentTree │ ├─┬ npm-registry-client@7.4.5
220 silly currentTree │ │ └─┬ concat-stream@1.5.2
220 silly currentTree │ │   ├─┬ readable-stream@2.0.6
220 silly currentTree │ │   │ ├── core-util-is@1.0.2
220 silly currentTree │ │   │ ├── isarray@1.0.0
220 silly currentTree │ │   │ ├── process-nextick-args@1.0.7
220 silly currentTree │ │   │ ├── string_decoder@0.10.31
220 silly currentTree │ │   │ └── util-deprecate@1.0.2
220 silly currentTree │ │   └── typedarray@0.0.6
220 silly currentTree │ ├── npm-user-validate@0.1.5
220 silly currentTree │ ├─┬ npmlog@4.0.2
220 silly currentTree │ │ ├─┬ are-we-there-yet@1.1.2
220 silly currentTree │ │ │ └── delegates@1.0.0
220 silly currentTree │ │ ├── console-control-strings@1.1.0
220 silly currentTree │ │ ├─┬ gauge@2.7.2
220 silly currentTree │ │ │ ├── object-assign@4.1.0
220 silly currentTree │ │ │ ├── signal-exit@3.0.2
220 silly currentTree │ │ │ ├─┬ string-width@1.0.2
220 silly currentTree │ │ │ │ ├── code-point-at@1.1.0
220 silly currentTree │ │ │ │ └─┬ is-fullwidth-code-point@1.0.0
220 silly currentTree │ │ │ │   └── number-is-nan@1.0.1
220 silly currentTree │ │ │ ├── supports-color@0.2.0
220 silly currentTree │ │ │ └── wide-align@1.1.0
220 silly currentTree │ │ └── set-blocking@2.0.0
220 silly currentTree │ ├── once@1.4.0
220 silly currentTree │ ├── opener@1.4.3
220 silly currentTree │ ├─┬ osenv@0.1.4
220 silly currentTree │ │ ├── os-homedir@1.0.2
220 silly currentTree │ │ └── os-tmpdir@1.0.2
220 silly currentTree │ ├── path-is-inside@1.0.2
220 silly currentTree │ ├── read-cmd-shim@1.0.1
220 silly currentTree │ ├─┬ read-installed@4.0.3
220 silly currentTree │ │ └── util-extend@1.0.3
220 silly currentTree │ ├─┬ read-package-json@2.0.4
220 silly currentTree │ │ ├─┬ glob@6.0.4
220 silly currentTree │ │ │ ├─┬ minimatch@3.0.3
220 silly currentTree │ │ │ │ └─┬ brace-expansion@1.1.6
220 silly currentTree │ │ │ │   ├── balanced-match@0.4.2
220 silly currentTree │ │ │ │   └── concat-map@0.0.1
220 silly currentTree │ │ │ └── path-is-absolute@1.0.0
220 silly currentTree │ │ └─┬ json-parse-helpfulerror@1.0.3
220 silly currentTree │ │   └── jju@1.3.0
220 silly currentTree │ ├── read-package-tree@5.1.5
220 silly currentTree │ ├─┬ read@1.0.7
220 silly currentTree │ │ └── mute-stream@0.0.5
220 silly currentTree │ ├─┬ readable-stream@2.2.3
220 silly currentTree │ │ ├── buffer-shims@1.0.0
220 silly currentTree │ │ ├── core-util-is@1.0.2
220 silly currentTree │ │ ├── isarray@1.0.0
220 silly currentTree │ │ ├── process-nextick-args@1.0.7
220 silly currentTree │ │ ├── string_decoder@0.10.31
220 silly currentTree │ │ └── util-deprecate@1.0.2
220 silly currentTree │ ├── readdir-scoped-modules@1.0.2
220 silly currentTree │ ├── realize-package-specifier@3.0.3
220 silly currentTree │ ├─┬ request@2.79.0
220 silly currentTree │ │ ├── aws-sign2@0.6.0
220 silly currentTree │ │ ├── aws4@1.5.0
220 silly currentTree │ │ ├── caseless@0.11.0
220 silly currentTree │ │ ├─┬ combined-stream@1.0.5
220 silly currentTree │ │ │ └── delayed-stream@1.0.0
220 silly currentTree │ │ ├── extend@3.0.0
220 silly currentTree │ │ ├── forever-agent@0.6.1
220 silly currentTree │ │ ├─┬ form-data@2.1.2
220 silly currentTree │ │ │ └── asynckit@0.4.0
220 silly currentTree │ │ ├─┬ har-validator@2.0.6
220 silly currentTree │ │ │ ├─┬ chalk@1.1.3
220 silly currentTree │ │ │ │ ├── ansi-styles@2.2.1
220 silly currentTree │ │ │ │ ├── escape-string-regexp@1.0.5
220 silly currentTree │ │ │ │ ├── has-ansi@2.0.0
220 silly currentTree │ │ │ │ └── supports-color@2.0.0
220 silly currentTree │ │ │ ├─┬ commander@2.9.0
220 silly currentTree │ │ │ │ └── graceful-readlink@1.0.1
220 silly currentTree │ │ │ ├─┬ is-my-json-valid@2.15.0
220 silly currentTree │ │ │ │ ├── generate-function@2.0.0
220 silly currentTree │ │ │ │ ├─┬ generate-object-property@1.2.0
220 silly currentTree │ │ │ │ │ └── is-property@1.0.2
220 silly currentTree │ │ │ │ ├── jsonpointer@4.0.0
220 silly currentTree │ │ │ │ └── xtend@4.0.1
220 silly currentTree │ │ │ └─┬ pinkie-promise@2.0.1
220 silly currentTree │ │ │   └── pinkie@2.0.4
220 silly currentTree │ │ ├─┬ hawk@3.1.3
220 silly currentTree │ │ │ ├── boom@2.10.1
220 silly currentTree │ │ │ ├── cryptiles@2.0.5
220 silly currentTree │ │ │ ├── hoek@2.16.3
220 silly currentTree │ │ │ └── sntp@1.0.9
220 silly currentTree │ │ ├─┬ http-signature@1.1.1
220 silly currentTree │ │ │ ├── assert-plus@0.2.0
220 silly currentTree │ │ │ ├─┬ jsprim@1.3.1
220 silly currentTree │ │ │ │ ├── extsprintf@1.0.2
220 silly currentTree │ │ │ │ ├── json-schema@0.2.3
220 silly currentTree │ │ │ │ └── verror@1.3.6
220 silly currentTree │ │ │ └─┬ sshpk@1.10.1
220 silly currentTree │ │ │   ├── asn1@0.2.3
220 silly currentTree │ │ │   ├── assert-plus@1.0.0
220 silly currentTree │ │ │   ├── bcrypt-pbkdf@1.0.0
220 silly currentTree │ │ │   ├── dashdash@1.14.1
220 silly currentTree │ │ │   ├── ecc-jsbn@0.1.1
220 silly currentTree │ │ │   ├── getpass@0.1.6
220 silly currentTree │ │ │   ├── jodid25519@1.0.2
220 silly currentTree │ │ │   ├── jsbn@0.1.0
220 silly currentTree │ │ │   └── tweetnacl@0.14.3
220 silly currentTree │ │ ├── is-typedarray@1.0.0
220 silly currentTree │ │ ├── isstream@0.1.2
220 silly currentTree │ │ ├── json-stringify-safe@5.0.1
220 silly currentTree │ │ ├─┬ mime-types@2.1.13
220 silly currentTree │ │ │ └── mime-db@1.25.0
220 silly currentTree │ │ ├── oauth-sign@0.8.2
220 silly currentTree │ │ ├── qs@6.3.0
220 silly currentTree │ │ ├── stringstream@0.0.5
220 silly currentTree │ │ ├─┬ tough-cookie@2.3.2
220 silly currentTree │ │ │ └── punycode@1.4.1
220 silly currentTree │ │ └── tunnel-agent@0.4.3
220 silly currentTree │ ├── retry@0.10.1
220 silly currentTree │ ├── rimraf@2.6.0
220 silly currentTree │ ├── semver@5.3.0
220 silly currentTree │ ├── sha@2.0.1
220 silly currentTree │ ├── slide@1.1.6
220 silly currentTree │ ├── sorted-object@2.0.1
220 silly currentTree │ ├─┬ sorted-union-stream@2.1.3
220 silly currentTree │ │ ├─┬ from2@1.3.0
220 silly currentTree │ │ │ └─┬ readable-stream@1.1.14
220 silly currentTree │ │ │   ├── core-util-is@1.0.2
220 silly currentTree │ │ │   ├── isarray@0.0.1
220 silly currentTree │ │ │   └── string_decoder@0.10.31
220 silly currentTree │ │ └── stream-iterate@1.1.1
220 silly currentTree │ ├── strip-ansi@3.0.1
220 silly currentTree │ ├─┬ tar@2.2.1
220 silly currentTree │ │ └── block-stream@0.0.8
220 silly currentTree │ ├── text-table@0.2.0
220 silly currentTree │ ├── uid-number@0.0.6
220 silly currentTree │ ├── umask@1.1.0
220 silly currentTree │ ├─┬ unique-filename@1.1.0
220 silly currentTree │ │ └── unique-slug@2.0.0
220 silly currentTree │ ├── unpipe@1.0.0
220 silly currentTree │ ├─┬ update-notifier@2.0.0
220 silly currentTree │ │ ├─┬ boxen@1.0.0
220 silly currentTree │ │ │ ├─┬ ansi-align@1.1.0
220 silly currentTree │ │ │ │ └─┬ string-width@1.0.2
220 silly currentTree │ │ │ │   ├── code-point-at@1.1.0
220 silly currentTree │ │ │ │   └─┬ is-fullwidth-code-point@1.0.0
220 silly currentTree │ │ │ │     └── number-is-nan@1.0.1
220 silly currentTree │ │ │ ├── camelcase@4.0.0
220 silly currentTree │ │ │ ├── cli-boxes@1.0.0
220 silly currentTree │ │ │ ├─┬ string-width@2.0.0
220 silly currentTree │ │ │ │ └── is-fullwidth-code-point@2.0.0
220 silly currentTree │ │ │ ├─┬ term-size@0.1.1
220 silly currentTree │ │ │ │ └─┬ execa@0.4.0
220 silly currentTree │ │ │ │   ├─┬ cross-spawn-async@2.2.5
220 silly currentTree │ │ │ │   │ └─┬ lru-cache@4.0.2
220 silly currentTree │ │ │ │   │   ├── pseudomap@1.0.2
220 silly currentTree │ │ │ │   │   └── yallist@2.0.0
220 silly currentTree │ │ │ │   ├── is-stream@1.1.0
220 silly currentTree │ │ │ │   ├── npm-run-path@1.0.0
220 silly currentTree │ │ │ │   ├── object-assign@4.1.1
220 silly currentTree │ │ │ │   ├── path-key@1.0.0
220 silly currentTree │ │ │ │   └── strip-eof@1.0.0
220 silly currentTree │ │ │ └─┬ widest-line@1.0.0
220 silly currentTree │ │ │   └─┬ string-width@1.0.2
220 silly currentTree │ │ │     ├── code-point-at@1.1.0
220 silly currentTree │ │ │     └─┬ is-fullwidth-code-point@1.0.0
220 silly currentTree │ │ │       └── number-is-nan@1.0.1
220 silly currentTree │ │ ├─┬ chalk@1.1.3
220 silly currentTree │ │ │ ├── ansi-styles@2.2.1
220 silly currentTree │ │ │ ├── escape-string-regexp@1.0.5
220 silly currentTree │ │ │ ├── has-ansi@2.0.0
220 silly currentTree │ │ │ └── supports-color@2.0.0
220 silly currentTree │ │ ├─┬ configstore@3.0.0
220 silly currentTree │ │ │ ├─┬ dot-prop@4.1.0
220 silly currentTree │ │ │ │ └── is-obj@1.0.1
220 silly currentTree │ │ │ └─┬ unique-string@1.0.0
220 silly currentTree │ │ │   └── crypto-random-string@1.0.0
220 silly currentTree │ │ ├── is-npm@1.0.0
220 silly currentTree │ │ ├─┬ latest-version@3.0.0
220 silly currentTree │ │ │ └─┬ package-json@3.0.0
220 silly currentTree │ │ │   ├─┬ got@6.7.1
220 silly currentTree │ │ │   │ ├─┬ create-error-class@3.0.2
220 silly currentTree │ │ │   │ │ └── capture-stack-trace@1.0.0
220 silly currentTree │ │ │   │ ├── duplexer3@0.1.4
220 silly currentTree │ │ │   │ ├── get-stream@3.0.0
220 silly currentTree │ │ │   │ ├── is-redirect@1.0.0
220 silly currentTree │ │ │   │ ├── is-retry-allowed@1.1.0
220 silly currentTree │ │ │   │ ├── is-stream@1.1.0
220 silly currentTree │ │ │   │ ├── lowercase-keys@1.0.0
220 silly currentTree │ │ │   │ ├── safe-buffer@5.0.1
220 silly currentTree │ │ │   │ ├── timed-out@4.0.1
220 silly currentTree │ │ │   │ ├── unzip-response@2.0.1
220 silly currentTree │ │ │   │ └─┬ url-parse-lax@1.0.0
220 silly currentTree │ │ │   │   └── prepend-http@1.0.4
220 silly currentTree │ │ │   ├─┬ registry-auth-token@3.1.0
220 silly currentTree │ │ │   │ └─┬ rc@1.1.6
220 silly currentTree │ │ │   │   ├── deep-extend@0.4.1
220 silly currentTree │ │ │   │   ├── minimist@1.2.0
220 silly currentTree │ │ │   │   └── strip-json-comments@1.0.4
220 silly currentTree │ │ │   └─┬ registry-url@3.1.0
220 silly currentTree │ │ │     └─┬ rc@1.1.6
220 silly currentTree │ │ │       ├── deep-extend@0.4.1
220 silly currentTree │ │ │       ├── minimist@1.2.0
220 silly currentTree │ │ │       └── strip-json-comments@1.0.4
220 silly currentTree │ │ ├── lazy-req@2.0.0
220 silly currentTree │ │ ├── semver-diff@2.1.0
220 silly currentTree │ │ └── xdg-basedir@3.0.0
220 silly currentTree │ ├── uuid@3.0.1
220 silly currentTree │ ├─┬ validate-npm-package-license@3.0.1
220 silly currentTree │ │ ├─┬ spdx-correct@1.0.2
220 silly currentTree │ │ │ └── spdx-license-ids@1.2.0
220 silly currentTree │ │ └─┬ spdx-expression-parse@1.0.2
220 silly currentTree │ │   ├── spdx-exceptions@1.0.4
220 silly currentTree │ │   └── spdx-license-ids@1.2.0
220 silly currentTree │ ├─┬ validate-npm-package-name@3.0.0
220 silly currentTree │ │ └── builtins@1.0.3
220 silly currentTree │ ├─┬ which@1.2.12
220 silly currentTree │ │ └── isexe@1.1.2
220 silly currentTree │ ├── wrappy@1.0.2
220 silly currentTree │ └── write-file-atomic@1.3.1
220 silly currentTree ├── npmlog@4.0.2
220 silly currentTree ├── number-is-nan@1.0.1
220 silly currentTree ├── oauth-sign@0.8.2
220 silly currentTree ├── object-assign@4.1.1
220 silly currentTree ├── once@1.4.0
220 silly currentTree ├── path-is-absolute@1.0.1
220 silly currentTree ├── performance-now@0.2.0
220 silly currentTree ├── process-nextick-args@1.0.7
220 silly currentTree ├── promise@7.1.1
220 silly currentTree ├── punycode@1.4.1
220 silly currentTree ├── qs@6.4.0
220 silly currentTree ├── querystring@0.2.0
220 silly currentTree ├─┬ rc@1.1.7
220 silly currentTree │ └── minimist@1.2.0
220 silly currentTree ├── react-dom@15.4.2
220 silly currentTree ├── react-komposer@2.0.0
220 silly currentTree ├── react-mounter@1.2.0
220 silly currentTree ├── react-rte@0.11.0
220 silly currentTree ├── react-stubber@1.0.0
220 silly currentTree ├── react-swiper-dy@1.1.2
220 silly currentTree ├── react@15.4.2
220 silly currentTree ├── readable-stream@2.2.3
220 silly currentTree ├── regenerator-runtime@0.10.3
220 silly currentTree ├── request@2.81.0
220 silly currentTree ├── rimraf@2.5.4
220 silly currentTree ├── safe-buffer@5.0.1
220 silly currentTree ├── semantic-ui-react@0.67.1
220 silly currentTree ├── semver@5.3.0
220 silly currentTree ├── set-blocking@2.0.0
220 silly currentTree ├── setimmediate@1.0.5
220 silly currentTree ├── shallowequal@0.2.2
220 silly currentTree ├── signal-exit@3.0.2
220 silly currentTree ├── sntp@1.0.9
220 silly currentTree ├─┬ sshpk@1.11.0
220 silly currentTree │ └── assert-plus@1.0.0
220 silly currentTree ├── string_decoder@0.10.31
220 silly currentTree ├── string-width@1.0.2
220 silly currentTree ├── stringstream@0.0.5
220 silly currentTree ├── strip-ansi@3.0.1
220 silly currentTree ├── strip-json-comments@2.0.1
220 silly currentTree ├── swiper@3.4.2
220 silly currentTree ├── synthetic-dom@0.2.1
220 silly currentTree ├─┬ tar-pack@3.3.0
220 silly currentTree │ ├── debug@2.2.0
220 silly currentTree │ ├── ms@0.7.1
220 silly currentTree │ ├── once@1.3.3
220 silly currentTree │ └── readable-stream@2.1.5
220 silly currentTree ├── tar@2.2.1
220 silly currentTree ├── tough-cookie@2.3.2
220 silly currentTree ├── tunnel-agent@0.6.0
220 silly currentTree ├── tweetnacl@0.14.5
220 silly currentTree ├── ua-parser-js@0.7.12
220 silly currentTree ├── uid-number@0.0.6
220 silly currentTree ├─┬ url@0.11.0
220 silly currentTree │ └── punycode@1.3.2
220 silly currentTree ├── util-deprecate@1.0.2
220 silly currentTree ├── uuid@3.0.1
220 silly currentTree ├── verror@1.3.6
220 silly currentTree ├── whatwg-fetch@2.0.3
220 silly currentTree ├── wide-align@1.1.0
220 silly currentTree └── wrappy@1.0.2
221 silly idealTree projetSel@
221 silly idealTree ├── abbrev@1.1.0
221 silly idealTree ├── ajv@4.11.5
221 silly idealTree ├── ansi-regex@2.1.1
221 silly idealTree ├── aproba@1.1.1
221 silly idealTree ├── are-we-there-yet@1.1.2
221 silly idealTree ├── asap@2.0.5
221 silly idealTree ├── asn1@0.2.3
221 silly idealTree ├── assert-plus@0.2.0
221 silly idealTree ├── asynckit@0.4.0
221 silly idealTree ├── aws-sign2@0.6.0
221 silly idealTree ├── aws4@1.6.0
221 silly idealTree ├── axios@0.15.3
221 silly idealTree ├── babel-runtime@6.23.0
221 silly idealTree ├── balanced-match@0.4.2
221 silly idealTree ├── bcrypt-pbkdf@1.0.1
221 silly idealTree ├─┬ bcrypt@1.0.2
221 silly idealTree │ └── node-pre-gyp@0.6.32
221 silly idealTree ├── bindings@1.2.1
221 silly idealTree ├── block-stream@0.0.9
221 silly idealTree ├── boom@2.10.1
221 silly idealTree ├── brace-expansion@1.1.6
221 silly idealTree ├── buffer-shims@1.0.0
221 silly idealTree ├── caseless@0.12.0
221 silly idealTree ├── class-autobind@0.1.4
221 silly idealTree ├── classnames@2.2.5
221 silly idealTree ├── co@4.6.0
221 silly idealTree ├── code-point-at@1.1.0
221 silly idealTree ├── combined-stream@1.0.5
221 silly idealTree ├── concat-map@0.0.1
221 silly idealTree ├── console-control-strings@1.1.0
221 silly idealTree ├── core-js@2.4.1
221 silly idealTree ├── core-util-is@1.0.2
221 silly idealTree ├── cryptiles@2.0.5
221 silly idealTree ├─┬ dashdash@1.14.1
221 silly idealTree │ └── assert-plus@1.0.0
221 silly idealTree ├── debug@2.6.2
221 silly idealTree ├── deep-extend@0.4.1
221 silly idealTree ├── delayed-stream@1.0.0
221 silly idealTree ├── delegates@1.0.0
221 silly idealTree ├── domready@1.0.8
221 silly idealTree ├── draft-js-export-html@0.5.2
221 silly idealTree ├── draft-js-export-markdown@0.2.2
221 silly idealTree ├── draft-js-import-element@0.4.3
221 silly idealTree ├── draft-js-import-html@0.3.2
221 silly idealTree ├── draft-js-import-markdown@0.2.1
221 silly idealTree ├── draft-js-utils@0.1.7
221 silly idealTree ├─┬ draft-js@0.9.1
221 silly idealTree │ └── immutable@3.7.6
221 silly idealTree ├── ecc-jsbn@0.1.1
221 silly idealTree ├── encoding@0.1.12
221 silly idealTree ├── extend@3.0.0
221 silly idealTree ├── extsprintf@1.0.2
221 silly idealTree ├─┬ fbjs@0.8.9
221 silly idealTree │ └── core-js@1.2.7
221 silly idealTree ├── follow-redirects@1.0.0
221 silly idealTree ├── forever-agent@0.6.1
221 silly idealTree ├── form-data@2.1.2
221 silly idealTree ├── fs.realpath@1.0.0
221 silly idealTree ├── fstream-ignore@1.0.5
221 silly idealTree ├── fstream@1.0.11
221 silly idealTree ├── gauge@2.7.3
221 silly idealTree ├─┬ getpass@0.1.6
221 silly idealTree │ └── assert-plus@1.0.0
221 silly idealTree ├── glob@7.1.1
221 silly idealTree ├── graceful-fs@4.1.11
221 silly idealTree ├── har-schema@1.0.5
221 silly idealTree ├── har-validator@4.2.1
221 silly idealTree ├── has-unicode@2.0.1
221 silly idealTree ├── hawk@3.1.3
221 silly idealTree ├── hoek@2.16.3
221 silly idealTree ├── hoist-non-react-statics@1.2.0
221 silly idealTree ├── http-signature@1.1.1
221 silly idealTree ├── i@0.3.5
221 silly idealTree ├── iconv-lite@0.4.15
221 silly idealTree ├── immutable@3.8.1
221 silly idealTree ├── inflight@1.0.6
221 silly idealTree ├── inherits@2.0.3
221 silly idealTree ├── ini@1.3.4
221 silly idealTree ├── is-fullwidth-code-point@1.0.0
221 silly idealTree ├── is-stream@1.1.0
221 silly idealTree ├── is-typedarray@1.0.0
221 silly idealTree ├── isarray@1.0.0
221 silly idealTree ├── isomorphic-fetch@2.2.1
221 silly idealTree ├── isstream@0.1.2
221 silly idealTree ├── jodid25519@1.0.2
221 silly idealTree ├── js-tokens@3.0.1
221 silly idealTree ├── jsbn@0.1.1
221 silly idealTree ├── json-schema@0.2.3
221 silly idealTree ├── json-stable-stringify@1.0.1
221 silly idealTree ├── json-stringify-safe@5.0.1
221 silly idealTree ├── jsonify@0.0.0
221 silly idealTree ├── jsprim@1.3.1
221 silly idealTree ├── lodash._getnative@3.9.1
221 silly idealTree ├── lodash.isarguments@3.1.0
221 silly idealTree ├── lodash.isarray@3.0.4
221 silly idealTree ├── lodash.keys@3.1.2
221 silly idealTree ├── lodash.pick@4.4.0
221 silly idealTree ├── lodash@4.17.4
221 silly idealTree ├── loose-envify@1.3.1
221 silly idealTree ├─┬ meteor-node-stubs@0.2.6
221 silly idealTree │ ├── asn1.js@4.9.0
221 silly idealTree │ ├── assert@1.4.1
221 silly idealTree │ ├── base64-js@1.2.0
221 silly idealTree │ ├── Base64@0.2.1
221 silly idealTree │ ├── bn.js@4.11.6
221 silly idealTree │ ├── brorand@1.0.6
221 silly idealTree │ ├── browserify-aes@1.0.6
221 silly idealTree │ ├── browserify-cipher@1.0.0
221 silly idealTree │ ├── browserify-des@1.0.0
221 silly idealTree │ ├── browserify-rsa@4.0.1
221 silly idealTree │ ├── browserify-sign@4.0.0
221 silly idealTree │ ├── browserify-zlib@0.1.4
221 silly idealTree │ ├── buffer-shims@1.0.0
221 silly idealTree │ ├── buffer-xor@1.0.3
221 silly idealTree │ ├── buffer@4.9.1
221 silly idealTree │ ├── cipher-base@1.0.3
221 silly idealTree │ ├── console-browserify@1.1.0
221 silly idealTree │ ├── constants-browserify@1.0.0
221 silly idealTree │ ├── core-util-is@1.0.2
221 silly idealTree │ ├── create-ecdh@4.0.0
221 silly idealTree │ ├── create-hash@1.1.2
221 silly idealTree │ ├── create-hmac@1.1.4
221 silly idealTree │ ├── crypto-browserify@3.11.0
221 silly idealTree │ ├── date-now@0.1.4
221 silly idealTree │ ├── des.js@1.0.0
221 silly idealTree │ ├── diffie-hellman@5.0.2
221 silly idealTree │ ├── domain-browser@1.1.7
221 silly idealTree │ ├── elliptic@6.3.2
221 silly idealTree │ ├── events@1.1.1
221 silly idealTree │ ├── evp_bytestokey@1.0.0
221 silly idealTree │ ├── hash.js@1.0.3
221 silly idealTree │ ├── http-browserify@1.7.0
221 silly idealTree │ ├── https-browserify@0.0.1
221 silly idealTree │ ├── ieee754@1.1.8
221 silly idealTree │ ├── indexof@0.0.1
221 silly idealTree │ ├── inherits@2.0.1
221 silly idealTree │ ├── isarray@1.0.0
221 silly idealTree │ ├── miller-rabin@4.0.0
221 silly idealTree │ ├── minimalistic-assert@1.0.0
221 silly idealTree │ ├── os-browserify@0.2.1
221 silly idealTree │ ├── pako@0.2.9
221 silly idealTree │ ├── parse-asn1@5.0.0
221 silly idealTree │ ├── path-browserify@0.0.0
221 silly idealTree │ ├── pbkdf2@3.0.9
221 silly idealTree │ ├── process-nextick-args@1.0.7
221 silly idealTree │ ├── process@0.11.9
221 silly idealTree │ ├── public-encrypt@4.0.0
221 silly idealTree │ ├── punycode@1.4.1
221 silly idealTree │ ├── querystring-es3@0.2.1
221 silly idealTree │ ├── querystring@0.2.0
221 silly idealTree │ ├── randombytes@2.0.3
221 silly idealTree │ ├── readable-stream@2.2.1
221 silly idealTree │ ├── ripemd160@1.0.1
221 silly idealTree │ ├── sha.js@2.4.8
221 silly idealTree │ ├── stream-browserify@2.0.1
221 silly idealTree │ ├── string_decoder@0.10.31
221 silly idealTree │ ├── timers-browserify@1.4.2
221 silly idealTree │ ├── tty-browserify@0.0.0
221 silly idealTree │ ├─┬ url@0.11.0
221 silly idealTree │ │ └── punycode@1.3.2
221 silly idealTree │ ├── util-deprecate@1.0.2
221 silly idealTree │ ├── util@0.10.3
221 silly idealTree │ └── vm-browserify@0.0.4
221 silly idealTree ├── mime-db@1.26.0
221 silly idealTree ├── mime-types@2.1.14
221 silly idealTree ├── minimatch@3.0.3
221 silly idealTree ├── minimist@0.0.8
221 silly idealTree ├── mkdirp@0.5.1
221 silly idealTree ├── ms@0.7.2
221 silly idealTree ├── nan@2.5.0
221 silly idealTree ├── node-fetch@1.6.3
221 silly idealTree ├── node-pre-gyp@0.6.33
221 silly idealTree ├── nopt@3.0.6
221 silly idealTree ├─┬ npm@4.4.1
221 silly idealTree │ ├── abbrev@1.1.0
221 silly idealTree │ ├── ansi-regex@2.1.1
221 silly idealTree │ ├── ansicolors@0.3.2
221 silly idealTree │ ├── ansistyles@0.1.3
221 silly idealTree │ ├── aproba@1.1.1
221 silly idealTree │ ├── archy@1.0.0
221 silly idealTree │ ├── asap@2.0.5
221 silly idealTree │ ├── chownr@1.0.1
221 silly idealTree │ ├── cmd-shim@2.0.2
221 silly idealTree │ ├─┬ columnify@1.5.4
221 silly idealTree │ │ └─┬ wcwidth@1.0.0
221 silly idealTree │ │   └─┬ defaults@1.0.3
221 silly idealTree │ │     └── clone@1.0.2
221 silly idealTree │ ├─┬ config-chain@1.1.11
221 silly idealTree │ │ └── proto-list@1.2.4
221 silly idealTree │ ├── debuglog@1.0.1
221 silly idealTree │ ├── dezalgo@1.0.3
221 silly idealTree │ ├── editor@1.0.0
221 silly idealTree │ ├── fs-vacuum@1.2.9
221 silly idealTree │ ├── fs-write-stream-atomic@1.0.8
221 silly idealTree │ ├─┬ fstream-npm@1.2.0
221 silly idealTree │ │ └─┬ fstream-ignore@1.0.5
221 silly idealTree │ │   └─┬ minimatch@3.0.3
221 silly idealTree │ │     └─┬ brace-expansion@1.1.6
221 silly idealTree │ │       ├── balanced-match@0.4.2
221 silly idealTree │ │       └── concat-map@0.0.1
221 silly idealTree │ ├── fstream@1.0.10
221 silly idealTree │ ├─┬ glob@7.1.1
221 silly idealTree │ │ ├── fs.realpath@1.0.0
221 silly idealTree │ │ ├─┬ minimatch@3.0.3
221 silly idealTree │ │ │ └─┬ brace-expansion@1.1.6
221 silly idealTree │ │ │   ├── balanced-match@0.4.2
221 silly idealTree │ │ │   └── concat-map@0.0.1
221 silly idealTree │ │ └── path-is-absolute@1.0.1
221 silly idealTree │ ├── graceful-fs@4.1.11
221 silly idealTree │ ├── has-unicode@2.0.1
221 silly idealTree │ ├── hosted-git-info@2.2.0
221 silly idealTree │ ├── iferr@0.1.5
221 silly idealTree │ ├── imurmurhash@0.1.4
221 silly idealTree │ ├── inflight@1.0.6
221 silly idealTree │ ├── inherits@2.0.3
221 silly idealTree │ ├── ini@1.3.4
221 silly idealTree │ ├─┬ init-package-json@1.9.4
221 silly idealTree │ │ ├─┬ glob@6.0.4
221 silly idealTree │ │ │ ├─┬ minimatch@3.0.3
221 silly idealTree │ │ │ │ └─┬ brace-expansion@1.1.6
221 silly idealTree │ │ │ │   ├── balanced-match@0.4.2
221 silly idealTree │ │ │ │   └── concat-map@0.0.1
221 silly idealTree │ │ │ └── path-is-absolute@1.0.0
221 silly idealTree │ │ ├── promzard@0.3.0
221 silly idealTree │ │ └─┬ validate-npm-package-name@2.2.2
221 silly idealTree │ │   └── builtins@0.0.7
221 silly idealTree │ ├─┬ JSONStream@1.3.0
221 silly idealTree │ │ ├── jsonparse@1.2.0
221 silly idealTree │ │ └── through@2.3.8
221 silly idealTree │ ├── lazy-property@1.0.0
221 silly idealTree │ ├── lockfile@1.0.3
221 silly idealTree │ ├── lodash._baseindexof@3.1.0
221 silly idealTree │ ├─┬ lodash._baseuniq@4.6.0
221 silly idealTree │ │ ├── lodash._createset@4.0.3
221 silly idealTree │ │ └── lodash._root@3.0.1
221 silly idealTree │ ├── lodash._bindcallback@3.0.1
221 silly idealTree │ ├── lodash._cacheindexof@3.0.2
221 silly idealTree │ ├── lodash._createcache@3.1.2
221 silly idealTree │ ├── lodash._getnative@3.9.1
221 silly idealTree │ ├── lodash.clonedeep@4.5.0
221 silly idealTree │ ├── lodash.restparam@3.6.1
221 silly idealTree │ ├── lodash.union@4.6.0
221 silly idealTree │ ├── lodash.uniq@4.5.0
221 silly idealTree │ ├── lodash.without@4.4.0
221 silly idealTree │ ├─┬ mississippi@1.3.0
221 silly idealTree │ │ ├─┬ concat-stream@1.6.0
221 silly idealTree │ │ │ └── typedarray@0.0.6
221 silly idealTree │ │ ├─┬ duplexify@3.5.0
221 silly idealTree │ │ │ ├─┬ end-of-stream@1.0.0
221 silly idealTree │ │ │ │ └── once@1.3.3
221 silly idealTree │ │ │ └── stream-shift@1.0.0
221 silly idealTree │ │ ├─┬ end-of-stream@1.1.0
221 silly idealTree │ │ │ └── once@1.3.3
221 silly idealTree │ │ ├── flush-write-stream@1.0.2
221 silly idealTree │ │ ├── from2@2.3.0
221 silly idealTree │ │ ├─┬ parallel-transform@1.1.0
221 silly idealTree │ │ │ └── cyclist@0.2.2
221 silly idealTree │ │ ├── pump@1.0.2
221 silly idealTree │ │ ├── pumpify@1.3.5
221 silly idealTree │ │ ├─┬ stream-each@1.2.0
221 silly idealTree │ │ │ └── stream-shift@1.0.0
221 silly idealTree │ │ └─┬ through2@2.0.3
221 silly idealTree │ │   └── xtend@4.0.1
221 silly idealTree │ ├─┬ mkdirp@0.5.1
221 silly idealTree │ │ └── minimist@0.0.8
221 silly idealTree │ ├─┬ node-gyp@3.5.0
221 silly idealTree │ │ ├─┬ minimatch@3.0.3
221 silly idealTree │ │ │ └─┬ brace-expansion@1.1.6
221 silly idealTree │ │ │   ├── balanced-match@0.4.2
221 silly idealTree │ │ │   └── concat-map@0.0.1
221 silly idealTree │ │ └── nopt@3.0.6
221 silly idealTree │ ├─┬ nopt@4.0.1
221 silly idealTree │ │ └─┬ osenv@0.1.4
221 silly idealTree │ │   ├── os-homedir@1.0.2
221 silly idealTree │ │   └── os-tmpdir@1.0.2
221 silly idealTree │ ├── normalize-git-url@3.0.2
221 silly idealTree │ ├─┬ normalize-package-data@2.3.5
221 silly idealTree │ │ └─┬ is-builtin-module@1.0.0
221 silly idealTree │ │   └── builtin-modules@1.1.1
221 silly idealTree │ ├── npm-cache-filename@1.0.2
221 silly idealTree │ ├── npm-install-checks@3.0.0
221 silly idealTree │ ├── npm-package-arg@4.2.0
221 silly idealTree │ ├─┬ npm-registry-client@7.4.5
221 silly idealTree │ │ └─┬ concat-stream@1.5.2
221 silly idealTree │ │   ├─┬ readable-stream@2.0.6
221 silly idealTree │ │   │ ├── core-util-is@1.0.2
221 silly idealTree │ │   │ ├── isarray@1.0.0
221 silly idealTree │ │   │ ├── process-nextick-args@1.0.7
221 silly idealTree │ │   │ ├── string_decoder@0.10.31
221 silly idealTree │ │   │ └── util-deprecate@1.0.2
221 silly idealTree │ │   └── typedarray@0.0.6
221 silly idealTree │ ├── npm-user-validate@0.1.5
221 silly idealTree │ ├─┬ npmlog@4.0.2
221 silly idealTree │ │ ├─┬ are-we-there-yet@1.1.2
221 silly idealTree │ │ │ └── delegates@1.0.0
221 silly idealTree │ │ ├── console-control-strings@1.1.0
221 silly idealTree │ │ ├─┬ gauge@2.7.2
221 silly idealTree │ │ │ ├── object-assign@4.1.0
221 silly idealTree │ │ │ ├── signal-exit@3.0.2
221 silly idealTree │ │ │ ├─┬ string-width@1.0.2
221 silly idealTree │ │ │ │ ├── code-point-at@1.1.0
221 silly idealTree │ │ │ │ └─┬ is-fullwidth-code-point@1.0.0
221 silly idealTree │ │ │ │   └── number-is-nan@1.0.1
221 silly idealTree │ │ │ ├── supports-color@0.2.0
221 silly idealTree │ │ │ └── wide-align@1.1.0
221 silly idealTree │ │ └── set-blocking@2.0.0
221 silly idealTree │ ├── once@1.4.0
221 silly idealTree │ ├── opener@1.4.3
221 silly idealTree │ ├─┬ osenv@0.1.4
221 silly idealTree │ │ ├── os-homedir@1.0.2
221 silly idealTree │ │ └── os-tmpdir@1.0.2
221 silly idealTree │ ├── path-is-inside@1.0.2
221 silly idealTree │ ├── read-cmd-shim@1.0.1
221 silly idealTree │ ├─┬ read-installed@4.0.3
221 silly idealTree │ │ └── util-extend@1.0.3
221 silly idealTree │ ├─┬ read-package-json@2.0.4
221 silly idealTree │ │ ├─┬ glob@6.0.4
221 silly idealTree │ │ │ ├─┬ minimatch@3.0.3
221 silly idealTree │ │ │ │ └─┬ brace-expansion@1.1.6
221 silly idealTree │ │ │ │   ├── balanced-match@0.4.2
221 silly idealTree │ │ │ │   └── concat-map@0.0.1
221 silly idealTree │ │ │ └── path-is-absolute@1.0.0
221 silly idealTree │ │ └─┬ json-parse-helpfulerror@1.0.3
221 silly idealTree │ │   └── jju@1.3.0
221 silly idealTree │ ├── read-package-tree@5.1.5
221 silly idealTree │ ├─┬ read@1.0.7
221 silly idealTree │ │ └── mute-stream@0.0.5
221 silly idealTree │ ├─┬ readable-stream@2.2.3
221 silly idealTree │ │ ├── buffer-shims@1.0.0
221 silly idealTree │ │ ├── core-util-is@1.0.2
221 silly idealTree │ │ ├── isarray@1.0.0
221 silly idealTree │ │ ├── process-nextick-args@1.0.7
221 silly idealTree │ │ ├── string_decoder@0.10.31
221 silly idealTree │ │ └── util-deprecate@1.0.2
221 silly idealTree │ ├── readdir-scoped-modules@1.0.2
221 silly idealTree │ ├── realize-package-specifier@3.0.3
221 silly idealTree │ ├─┬ request@2.79.0
221 silly idealTree │ │ ├── aws-sign2@0.6.0
221 silly idealTree │ │ ├── aws4@1.5.0
221 silly idealTree │ │ ├── caseless@0.11.0
221 silly idealTree │ │ ├─┬ combined-stream@1.0.5
221 silly idealTree │ │ │ └── delayed-stream@1.0.0
221 silly idealTree │ │ ├── extend@3.0.0
221 silly idealTree │ │ ├── forever-agent@0.6.1
221 silly idealTree │ │ ├─┬ form-data@2.1.2
221 silly idealTree │ │ │ └── asynckit@0.4.0
221 silly idealTree │ │ ├─┬ har-validator@2.0.6
221 silly idealTree │ │ │ ├─┬ chalk@1.1.3
221 silly idealTree │ │ │ │ ├── ansi-styles@2.2.1
221 silly idealTree │ │ │ │ ├── escape-string-regexp@1.0.5
221 silly idealTree │ │ │ │ ├── has-ansi@2.0.0
221 silly idealTree │ │ │ │ └── supports-color@2.0.0
221 silly idealTree │ │ │ ├─┬ commander@2.9.0
221 silly idealTree │ │ │ │ └── graceful-readlink@1.0.1
221 silly idealTree │ │ │ ├─┬ is-my-json-valid@2.15.0
221 silly idealTree │ │ │ │ ├── generate-function@2.0.0
221 silly idealTree │ │ │ │ ├─┬ generate-object-property@1.2.0
221 silly idealTree │ │ │ │ │ └── is-property@1.0.2
221 silly idealTree │ │ │ │ ├── jsonpointer@4.0.0
221 silly idealTree │ │ │ │ └── xtend@4.0.1
221 silly idealTree │ │ │ └─┬ pinkie-promise@2.0.1
221 silly idealTree │ │ │   └── pinkie@2.0.4
221 silly idealTree │ │ ├─┬ hawk@3.1.3
221 silly idealTree │ │ │ ├── boom@2.10.1
221 silly idealTree │ │ │ ├── cryptiles@2.0.5
221 silly idealTree │ │ │ ├── hoek@2.16.3
221 silly idealTree │ │ │ └── sntp@1.0.9
221 silly idealTree │ │ ├─┬ http-signature@1.1.1
221 silly idealTree │ │ │ ├── assert-plus@0.2.0
221 silly idealTree │ │ │ ├─┬ jsprim@1.3.1
221 silly idealTree │ │ │ │ ├── extsprintf@1.0.2
221 silly idealTree │ │ │ │ ├── json-schema@0.2.3
221 silly idealTree │ │ │ │ └── verror@1.3.6
221 silly idealTree │ │ │ └─┬ sshpk@1.10.1
221 silly idealTree │ │ │   ├── asn1@0.2.3
221 silly idealTree │ │ │   ├── assert-plus@1.0.0
221 silly idealTree │ │ │   ├── bcrypt-pbkdf@1.0.0
221 silly idealTree │ │ │   ├── dashdash@1.14.1
221 silly idealTree │ │ │   ├── ecc-jsbn@0.1.1
221 silly idealTree │ │ │   ├── getpass@0.1.6
221 silly idealTree │ │ │   ├── jodid25519@1.0.2
221 silly idealTree │ │ │   ├── jsbn@0.1.0
221 silly idealTree │ │ │   └── tweetnacl@0.14.3
221 silly idealTree │ │ ├── is-typedarray@1.0.0
221 silly idealTree │ │ ├── isstream@0.1.2
221 silly idealTree │ │ ├── json-stringify-safe@5.0.1
221 silly idealTree │ │ ├─┬ mime-types@2.1.13
221 silly idealTree │ │ │ └── mime-db@1.25.0
221 silly idealTree │ │ ├── oauth-sign@0.8.2
221 silly idealTree │ │ ├── qs@6.3.0
221 silly idealTree │ │ ├── stringstream@0.0.5
221 silly idealTree │ │ ├─┬ tough-cookie@2.3.2
221 silly idealTree │ │ │ └── punycode@1.4.1
221 silly idealTree │ │ └── tunnel-agent@0.4.3
221 silly idealTree │ ├── retry@0.10.1
221 silly idealTree │ ├── rimraf@2.6.0
221 silly idealTree │ ├── semver@5.3.0
221 silly idealTree │ ├── sha@2.0.1
221 silly idealTree │ ├── slide@1.1.6
221 silly idealTree │ ├── sorted-object@2.0.1
221 silly idealTree │ ├─┬ sorted-union-stream@2.1.3
221 silly idealTree │ │ ├─┬ from2@1.3.0
221 silly idealTree │ │ │ └─┬ readable-stream@1.1.14
221 silly idealTree │ │ │   ├── core-util-is@1.0.2
221 silly idealTree │ │ │   ├── isarray@0.0.1
221 silly idealTree │ │ │   └── string_decoder@0.10.31
221 silly idealTree │ │ └── stream-iterate@1.1.1
221 silly idealTree │ ├── strip-ansi@3.0.1
221 silly idealTree │ ├─┬ tar@2.2.1
221 silly idealTree │ │ └── block-stream@0.0.8
221 silly idealTree │ ├── text-table@0.2.0
221 silly idealTree │ ├── uid-number@0.0.6
221 silly idealTree │ ├── umask@1.1.0
221 silly idealTree │ ├─┬ unique-filename@1.1.0
221 silly idealTree │ │ └── unique-slug@2.0.0
221 silly idealTree │ ├── unpipe@1.0.0
221 silly idealTree │ ├─┬ update-notifier@2.0.0
221 silly idealTree │ │ ├─┬ boxen@1.0.0
221 silly idealTree │ │ │ ├─┬ ansi-align@1.1.0
221 silly idealTree │ │ │ │ └─┬ string-width@1.0.2
221 silly idealTree │ │ │ │   ├── code-point-at@1.1.0
221 silly idealTree │ │ │ │   └─┬ is-fullwidth-code-point@1.0.0
221 silly idealTree │ │ │ │     └── number-is-nan@1.0.1
221 silly idealTree │ │ │ ├── camelcase@4.0.0
221 silly idealTree │ │ │ ├── cli-boxes@1.0.0
221 silly idealTree │ │ │ ├─┬ string-width@2.0.0
221 silly idealTree │ │ │ │ └── is-fullwidth-code-point@2.0.0
221 silly idealTree │ │ │ ├─┬ term-size@0.1.1
221 silly idealTree │ │ │ │ └─┬ execa@0.4.0
221 silly idealTree │ │ │ │   ├─┬ cross-spawn-async@2.2.5
221 silly idealTree │ │ │ │   │ └─┬ lru-cache@4.0.2
221 silly idealTree │ │ │ │   │   ├── pseudomap@1.0.2
221 silly idealTree │ │ │ │   │   └── yallist@2.0.0
221 silly idealTree │ │ │ │   ├── is-stream@1.1.0
221 silly idealTree │ │ │ │   ├── npm-run-path@1.0.0
221 silly idealTree │ │ │ │   ├── object-assign@4.1.1
221 silly idealTree │ │ │ │   ├── path-key@1.0.0
221 silly idealTree │ │ │ │   └── strip-eof@1.0.0
221 silly idealTree │ │ │ └─┬ widest-line@1.0.0
221 silly idealTree │ │ │   └─┬ string-width@1.0.2
221 silly idealTree │ │ │     ├── code-point-at@1.1.0
221 silly idealTree │ │ │     └─┬ is-fullwidth-code-point@1.0.0
221 silly idealTree │ │ │       └── number-is-nan@1.0.1
221 silly idealTree │ │ ├─┬ chalk@1.1.3
221 silly idealTree │ │ │ ├── ansi-styles@2.2.1
221 silly idealTree │ │ │ ├── escape-string-regexp@1.0.5
221 silly idealTree │ │ │ ├── has-ansi@2.0.0
221 silly idealTree │ │ │ └── supports-color@2.0.0
221 silly idealTree │ │ ├─┬ configstore@3.0.0
221 silly idealTree │ │ │ ├─┬ dot-prop@4.1.0
221 silly idealTree │ │ │ │ └── is-obj@1.0.1
221 silly idealTree │ │ │ └─┬ unique-string@1.0.0
221 silly idealTree │ │ │   └── crypto-random-string@1.0.0
221 silly idealTree │ │ ├── is-npm@1.0.0
221 silly idealTree │ │ ├─┬ latest-version@3.0.0
221 silly idealTree │ │ │ └─┬ package-json@3.0.0
221 silly idealTree │ │ │   ├─┬ got@6.7.1
221 silly idealTree │ │ │   │ ├─┬ create-error-class@3.0.2
221 silly idealTree │ │ │   │ │ └── capture-stack-trace@1.0.0
221 silly idealTree │ │ │   │ ├── duplexer3@0.1.4
221 silly idealTree │ │ │   │ ├── get-stream@3.0.0
221 silly idealTree │ │ │   │ ├── is-redirect@1.0.0
221 silly idealTree │ │ │   │ ├── is-retry-allowed@1.1.0
221 silly idealTree │ │ │   │ ├── is-stream@1.1.0
221 silly idealTree │ │ │   │ ├── lowercase-keys@1.0.0
221 silly idealTree │ │ │   │ ├── safe-buffer@5.0.1
221 silly idealTree │ │ │   │ ├── timed-out@4.0.1
221 silly idealTree │ │ │   │ ├── unzip-response@2.0.1
221 silly idealTree │ │ │   │ └─┬ url-parse-lax@1.0.0
221 silly idealTree │ │ │   │   └── prepend-http@1.0.4
221 silly idealTree │ │ │   ├─┬ registry-auth-token@3.1.0
221 silly idealTree │ │ │   │ └─┬ rc@1.1.6
221 silly idealTree │ │ │   │   ├── deep-extend@0.4.1
221 silly idealTree │ │ │   │   ├── minimist@1.2.0
221 silly idealTree │ │ │   │   └── strip-json-comments@1.0.4
221 silly idealTree │ │ │   └─┬ registry-url@3.1.0
221 silly idealTree │ │ │     └─┬ rc@1.1.6
221 silly idealTree │ │ │       ├── deep-extend@0.4.1
221 silly idealTree │ │ │       ├── minimist@1.2.0
221 silly idealTree │ │ │       └── strip-json-comments@1.0.4
221 silly idealTree │ │ ├── lazy-req@2.0.0
221 silly idealTree │ │ ├── semver-diff@2.1.0
221 silly idealTree │ │ └── xdg-basedir@3.0.0
221 silly idealTree │ ├── uuid@3.0.1
221 silly idealTree │ ├─┬ validate-npm-package-license@3.0.1
221 silly idealTree │ │ ├─┬ spdx-correct@1.0.2
221 silly idealTree │ │ │ └── spdx-license-ids@1.2.0
221 silly idealTree │ │ └─┬ spdx-expression-parse@1.0.2
221 silly idealTree │ │   ├── spdx-exceptions@1.0.4
221 silly idealTree │ │   └── spdx-license-ids@1.2.0
221 silly idealTree │ ├─┬ validate-npm-package-name@3.0.0
221 silly idealTree │ │ └── builtins@1.0.3
221 silly idealTree │ ├─┬ which@1.2.12
221 silly idealTree │ │ └── isexe@1.1.2
221 silly idealTree │ ├── wrappy@1.0.2
221 silly idealTree │ └── write-file-atomic@1.3.1
221 silly idealTree ├── npmlog@4.0.2
221 silly idealTree ├── number-is-nan@1.0.1
221 silly idealTree ├── oauth-sign@0.8.2
221 silly idealTree ├── object-assign@4.1.1
221 silly idealTree ├── once@1.4.0
221 silly idealTree ├── path-is-absolute@1.0.1
221 silly idealTree ├── performance-now@0.2.0
221 silly idealTree ├── process-nextick-args@1.0.7
221 silly idealTree ├── promise@7.1.1
221 silly idealTree ├── punycode@1.4.1
221 silly idealTree ├── qs@6.4.0
221 silly idealTree ├── querystring@0.2.0
221 silly idealTree ├─┬ rc@1.1.7
221 silly idealTree │ └── minimist@1.2.0
221 silly idealTree ├── react-dom@15.4.2
221 silly idealTree ├── react-komposer@2.0.0
221 silly idealTree ├── react-mounter@1.2.0
221 silly idealTree ├── react-rte@0.11.0
221 silly idealTree ├── react-stubber@1.0.0
221 silly idealTree ├── react-swiper-dy@1.1.2
221 silly idealTree ├── react@15.4.2
221 silly idealTree ├── readable-stream@2.2.3
221 silly idealTree ├── regenerator-runtime@0.10.3
221 silly idealTree ├── request@2.81.0
221 silly idealTree ├── rimraf@2.5.4
221 silly idealTree ├── safe-buffer@5.0.1
221 silly idealTree ├── semantic-ui-react@0.67.1
221 silly idealTree ├── semver@5.3.0
221 silly idealTree ├── set-blocking@2.0.0
221 silly idealTree ├── setimmediate@1.0.5
221 silly idealTree ├── shallowequal@0.2.2
221 silly idealTree ├── signal-exit@3.0.2
221 silly idealTree ├── sntp@1.0.9
221 silly idealTree ├─┬ sshpk@1.11.0
221 silly idealTree │ └── assert-plus@1.0.0
221 silly idealTree ├── string_decoder@0.10.31
221 silly idealTree ├── string-width@1.0.2
221 silly idealTree ├── stringstream@0.0.5
221 silly idealTree ├── strip-ansi@3.0.1
221 silly idealTree ├── strip-json-comments@2.0.1
221 silly idealTree ├── swiper@3.4.2
221 silly idealTree ├── synthetic-dom@0.2.1
221 silly idealTree ├─┬ tar-pack@3.3.0
221 silly idealTree │ ├── debug@2.2.0
221 silly idealTree │ ├── ms@0.7.1
221 silly idealTree │ ├── once@1.3.3
221 silly idealTree │ └── readable-stream@2.1.5
221 silly idealTree ├── tar@2.2.1
221 silly idealTree ├── tough-cookie@2.3.2
221 silly idealTree ├── tunnel-agent@0.6.0
221 silly idealTree ├── tweetnacl@0.14.5
221 silly idealTree ├── ua-parser-js@0.7.12
221 silly idealTree ├── uid-number@0.0.6
221 silly idealTree ├─┬ url@0.11.0
221 silly idealTree │ └── punycode@1.3.2
221 silly idealTree ├── util-deprecate@1.0.2
221 silly idealTree ├── uuid@3.0.1
221 silly idealTree ├── verror@1.3.6
221 silly idealTree ├── whatwg-fetch@2.0.3
221 silly idealTree ├── wide-align@1.1.0
221 silly idealTree └── wrappy@1.0.2
222 silly generateActionsToTake Starting
223 silly install generateActionsToTake
224 silly generateActionsToTake Finishing
225 silly diffTrees action count 1
226 silly diffTrees update bcrypt@1.0.2
227 silly decomposeActions action count 9
228 silly decomposeActions remove bcrypt@1.0.2
229 silly decomposeActions fetch bcrypt@1.0.2
230 silly decomposeActions extract bcrypt@1.0.2
231 silly decomposeActions test bcrypt@1.0.2
232 silly decomposeActions preinstall bcrypt@1.0.2
233 silly decomposeActions build bcrypt@1.0.2
234 silly decomposeActions install bcrypt@1.0.2
235 silly decomposeActions postinstall bcrypt@1.0.2
236 silly decomposeActions finalize bcrypt@1.0.2
237 silly runTopLevelLifecycles Starting
238 silly executeActions Starting
239 silly install executeActions
240 silly doSerial global-install 0
241 silly doParallel fetch 1
242 verbose correctMkdir /root/.npm/_locks correctMkdir not in flight; initializing
243 verbose makeDirectory /root/.npm/_locks creation not in flight; initializing
244 silly makeDirectory /root/.npm/_locks uid: 1000 gid: 1000
245 verbose lock using /root/.npm/_locks/staging-5922e06583c19d14.lock for /home/gat/Bureau/meteor/projetSel/node_modules/.staging
246 silly doParallel extract 1
247 silly extract bcrypt@1.0.2
248 verbose unbuild node_modules/.staging/bcrypt-3aff2ebf
249 silly gentlyRm /home/gat/Bureau/meteor/projetSel/node_modules/.staging/bcrypt-3aff2ebf is being purged from base /home/gat/Bureau/meteor/projetSel
250 verbose gentlyRm don't care about contents; nuking /home/gat/Bureau/meteor/projetSel/node_modules/.staging/bcrypt-3aff2ebf
251 verbose tar unpack /root/.npm/bcrypt/1.0.2/package.tgz
252 verbose tar unpacking to /home/gat/Bureau/meteor/projetSel/node_modules/.staging/bcrypt-3aff2ebf
253 silly gentlyRm /home/gat/Bureau/meteor/projetSel/node_modules/.staging/bcrypt-3aff2ebf is being purged
254 verbose gentlyRm don't care about contents; nuking /home/gat/Bureau/meteor/projetSel/node_modules/.staging/bcrypt-3aff2ebf
255 silly gunzTarPerm modes [ '755', '644' ]
256 silly gunzTarPerm extractEntry package.json
257 silly gunzTarPerm extractEntry .npmignore
258 silly gunzTarPerm extractEntry README.md
259 silly gunzTarPerm extractEntry LICENSE
260 silly gunzTarPerm extractEntry bcrypt.js
261 silly gunzTarPerm extractEntry Makefile
262 silly gunzTarPerm extractEntry .travis.yml
263 silly gunzTarPerm extractEntry appveyor.yml
264 silly gunzTarPerm extractEntry CHANGELOG.md
265 silly gunzTarPerm extractEntry binding.gyp
266 silly gunzTarPerm extractEntry examples/async_compare.js
267 silly gunzTarPerm extractEntry examples/forever_gen_salt.js
268 silly gunzTarPerm extractEntry lib/promises.js
269 silly gunzTarPerm extractEntry test/async.js
270 silly gunzTarPerm extractEntry test/promise.js
271 silly gunzTarPerm extractEntry test/repetitions.js
272 silly gunzTarPerm extractEntry test/sync.js
273 silly gunzTarPerm extractEntry ISSUE_TEMPLATE.md
274 silly gunzTarPerm extractEntry src/bcrypt.cc
275 silly gunzTarPerm extractEntry src/bcrypt_node.cc
276 silly gunzTarPerm extractEntry src/blowfish.cc
277 silly gunzTarPerm extractEntry src/node_blf.h
278 silly gunzTarPerm extractEntry werker.yml
279 silly gentlyRm /home/gat/Bureau/meteor/projetSel/node_modules/.staging/bcrypt-3aff2ebf/node_modules is being purged
280 verbose gentlyRm don't care about contents; nuking /home/gat/Bureau/meteor/projetSel/node_modules/.staging/bcrypt-3aff2ebf/node_modules
281 silly doParallel preinstall 1
282 silly preinstall bcrypt@1.0.2
283 info lifecycle bcrypt@1.0.2~preinstall: bcrypt@1.0.2
284 silly lifecycle bcrypt@1.0.2~preinstall: no script for preinstall, continuing
285 silly doReverseSerial remove 1
286 silly remove /home/gat/Bureau/meteor/projetSel/node_modules/bcrypt
287 verbose unbuild node_modules/bcrypt
288 info lifecycle bcrypt@1.0.2~preuninstall: bcrypt@1.0.2
289 silly lifecycle bcrypt@1.0.2~preuninstall: no script for preuninstall, continuing
290 info lifecycle bcrypt@1.0.2~uninstall: bcrypt@1.0.2
291 silly lifecycle bcrypt@1.0.2~uninstall: no script for uninstall, continuing
292 verbose unbuild rmStuff bcrypt@1.0.2 from /home/gat/Bureau/meteor/projetSel/node_modules
293 info lifecycle bcrypt@1.0.2~postuninstall: bcrypt@1.0.2
294 silly lifecycle bcrypt@1.0.2~postuninstall: no script for postuninstall, continuing
295 silly gentlyRm /home/gat/Bureau/meteor/projetSel/node_modules/bcrypt is being purged from base /home/gat/Bureau/meteor/projetSel
296 verbose gentlyRm don't care about contents; nuking /home/gat/Bureau/meteor/projetSel/node_modules/bcrypt
297 silly vacuum-fs purging /home/gat/Bureau/meteor/projetSel/node_modules/bcrypt
298 silly vacuum-fs quitting because other entries in /home/gat/Bureau/meteor/projetSel/node_modules
299 silly doSerial move 0
300 silly doSerial finalize 1
301 silly finalize /home/gat/Bureau/meteor/projetSel/node_modules/bcrypt
302 silly doSerial build 1
303 silly build bcrypt@1.0.2
304 info linkStuff bcrypt@1.0.2
305 silly linkStuff bcrypt@1.0.2 has /home/gat/Bureau/meteor/projetSel/node_modules as its parent node_modules
306 verbose linkBins bcrypt@1.0.2
307 verbose linkMans bcrypt@1.0.2
308 silly doSerial global-link 0
309 silly doParallel update-linked 0
310 silly doSerial install 1
311 silly install bcrypt@1.0.2
312 info lifecycle bcrypt@1.0.2~install: bcrypt@1.0.2
313 verbose lifecycle bcrypt@1.0.2~install: unsafe-perm in lifecycle false
314 verbose lifecycle bcrypt@1.0.2~install: PATH: /usr/lib/node_modules/npm/bin/node-gyp-bin:/home/gat/Bureau/meteor/projetSel/node_modules/bcrypt/node_modules/.bin:/home/gat/Bureau/meteor/projetSel/node_modules/.bin:/usr/local/sbin:/usr/local/bin:/usr/sbin:/usr/bin:/sbin:/bin
315 verbose lifecycle bcrypt@1.0.2~install: CWD: /home/gat/Bureau/meteor/projetSel/node_modules/bcrypt
316 silly lifecycle bcrypt@1.0.2~install: Args: [ '-c', 'node-pre-gyp install --fallback-to-build' ]
317 silly lifecycle bcrypt@1.0.2~install: Returned: code: 1  signal: null
318 info lifecycle bcrypt@1.0.2~install: Failed to exec install script
319 verbose unlock done using /root/.npm/_locks/staging-5922e06583c19d14.lock for /home/gat/Bureau/meteor/projetSel/node_modules/.staging
320 silly rollbackFailedOptional Starting
321 silly gentlyRm /home/gat/Bureau/meteor/projetSel/node_modules/bcrypt is being purged from base /home/gat/Bureau/meteor/projetSel
322 verbose gentlyRm don't care about contents; nuking /home/gat/Bureau/meteor/projetSel/node_modules/bcrypt
323 silly gentlyRm /home/gat/Bureau/meteor/projetSel/node_modules/bcrypt is being purged from base /home/gat/Bureau/meteor/projetSel
324 verbose gentlyRm don't care about contents; nuking /home/gat/Bureau/meteor/projetSel/node_modules/bcrypt
325 silly gentlyRm /home/gat/Bureau/meteor/projetSel/node_modules/bcrypt is being purged from base /home/gat/Bureau/meteor/projetSel
326 verbose gentlyRm don't care about contents; nuking /home/gat/Bureau/meteor/projetSel/node_modules/bcrypt
327 silly gentlyRm /home/gat/Bureau/meteor/projetSel/node_modules/bcrypt is being purged from base /home/gat/Bureau/meteor/projetSel
328 verbose gentlyRm don't care about contents; nuking /home/gat/Bureau/meteor/projetSel/node_modules/bcrypt
329 silly gentlyRm /home/gat/Bureau/meteor/projetSel/node_modules/bcrypt is being purged from base /home/gat/Bureau/meteor/projetSel
330 verbose gentlyRm don't care about contents; nuking /home/gat/Bureau/meteor/projetSel/node_modules/bcrypt
331 silly gentlyRm /home/gat/Bureau/meteor/projetSel/node_modules/bcrypt is being purged from base /home/gat/Bureau/meteor/projetSel
332 verbose gentlyRm don't care about contents; nuking /home/gat/Bureau/meteor/projetSel/node_modules/bcrypt
333 silly gentlyRm /home/gat/Bureau/meteor/projetSel/node_modules/bcrypt is being purged from base /home/gat/Bureau/meteor/projetSel
334 verbose gentlyRm don't care about contents; nuking /home/gat/Bureau/meteor/projetSel/node_modules/bcrypt
335 silly gentlyRm /home/gat/Bureau/meteor/projetSel/node_modules/bcrypt is being purged from base /home/gat/Bureau/meteor/projetSel
336 verbose gentlyRm don't care about contents; nuking /home/gat/Bureau/meteor/projetSel/node_modules/bcrypt
337 silly gentlyRm /home/gat/Bureau/meteor/projetSel/node_modules/bcrypt is being purged from base /home/gat/Bureau/meteor/projetSel
338 verbose gentlyRm don't care about contents; nuking /home/gat/Bureau/meteor/projetSel/node_modules/bcrypt
339 silly vacuum-fs purging /home/gat/Bureau/meteor/projetSel/node_modules/bcrypt
340 silly vacuum-fs purging /home/gat/Bureau/meteor/projetSel/node_modules/bcrypt
341 silly vacuum-fs purging /home/gat/Bureau/meteor/projetSel/node_modules/bcrypt
342 silly vacuum-fs purging /home/gat/Bureau/meteor/projetSel/node_modules/bcrypt
343 silly vacuum-fs purging /home/gat/Bureau/meteor/projetSel/node_modules/bcrypt
344 silly vacuum-fs purging /home/gat/Bureau/meteor/projetSel/node_modules/bcrypt
345 silly vacuum-fs purging /home/gat/Bureau/meteor/projetSel/node_modules/bcrypt
346 silly vacuum-fs purging /home/gat/Bureau/meteor/projetSel/node_modules/bcrypt
347 silly vacuum-fs purging /home/gat/Bureau/meteor/projetSel/node_modules/bcrypt
348 silly vacuum-fs quitting because other entries in /home/gat/Bureau/meteor/projetSel/node_modules
349 silly vacuum-fs quitting because other entries in /home/gat/Bureau/meteor/projetSel/node_modules
350 silly vacuum-fs quitting because other entries in /home/gat/Bureau/meteor/projetSel/node_modules
351 silly vacuum-fs quitting because other entries in /home/gat/Bureau/meteor/projetSel/node_modules
352 silly vacuum-fs quitting because other entries in /home/gat/Bureau/meteor/projetSel/node_modules
353 silly vacuum-fs quitting because other entries in /home/gat/Bureau/meteor/projetSel/node_modules
354 silly vacuum-fs quitting because other entries in /home/gat/Bureau/meteor/projetSel/node_modules
355 silly vacuum-fs quitting because other entries in /home/gat/Bureau/meteor/projetSel/node_modules
356 silly vacuum-fs quitting because other entries in /home/gat/Bureau/meteor/projetSel/node_modules
357 silly rollbackFailedOptional Finishing
358 silly runTopLevelLifecycles Finishing
359 silly install printInstalled
360 verbose stack Error: bcrypt@1.0.2 install: `node-pre-gyp install --fallback-to-build`
360 verbose stack Exit status 1
360 verbose stack     at EventEmitter.<anonymous> (/usr/lib/node_modules/npm/lib/utils/lifecycle.js:279:16)
360 verbose stack     at emitTwo (events.js:106:13)
360 verbose stack     at EventEmitter.emit (events.js:194:7)
360 verbose stack     at ChildProcess.<anonymous> (/usr/lib/node_modules/npm/lib/utils/spawn.js:40:14)
360 verbose stack     at emitTwo (events.js:106:13)
360 verbose stack     at ChildProcess.emit (events.js:194:7)
360 verbose stack     at maybeClose (internal/child_process.js:899:16)
360 verbose stack     at Process.ChildProcess._handle.onexit (internal/child_process.js:226:5)
361 verbose pkgid bcrypt@1.0.2
362 verbose cwd /home/gat/Bureau/meteor/projetSel
363 error Linux 3.16.0-4-amd64
364 error argv "/usr/bin/nodejs" "/usr/bin/npm" "install" "bcrypt"
365 error node v7.7.2
366 error npm  v4.1.2
367 error code ELIFECYCLE
368 error bcrypt@1.0.2 install: `node-pre-gyp install --fallback-to-build`
368 error Exit status 1
369 error Failed at the bcrypt@1.0.2 install script 'node-pre-gyp install --fallback-to-build'.
369 error Make sure you have the latest version of node.js and npm installed.
369 error If you do, this is most likely a problem with the bcrypt package,
369 error not with npm itself.
369 error Tell the author that this fails on your system:
369 error     node-pre-gyp install --fallback-to-build
369 error You can get information on how to open an issue for this project with:
369 error     npm bugs bcrypt
369 error Or if that isn't available, you can get their info via:
369 error     npm owner ls bcrypt
369 error There is likely additional logging output above.
370 verbose exit [ 1, true ]
